#
# There is insufficient memory for the Java Runtime Environment to continue.
# Native memory allocation (mmap) failed to map 124780544 bytes for committing reserved memory.
# Possible reasons:
#   The system is out of physical RAM or swap space
#   In 32 bit mode, the process size limit was hit
# Possible solutions:
#   Reduce memory load on the system
#   Increase physical memory or swap space
#   Check if swap backing store is full
#   Use 64 bit Java on a 64 bit OS
#   Decrease Java heap size (-Xmx/-Xms)
#   Decrease number of Java threads
#   Decrease Java thread stack sizes (-Xss)
#   Set larger code cache with -XX:ReservedCodeCacheSize=
# This output file may be truncated or incomplete.
#
#  Out of Memory Error (os_linux.cpp:2627), pid=14928, tid=0x00007f7af7fff700
#
# JRE version: OpenJDK Runtime Environment (8.0_112-b06) (build 1.8.0_112-release-b06)
# Java VM: OpenJDK 64-Bit Server VM (25.112-b06 mixed mode linux-amd64 compressed oops)
# Failed to write core dump. Core dumps have been disabled. To enable core dumping, try "ulimit -c unlimited" before starting Java again
#

---------------  T H R E A D  ---------------

Current thread (0x00007f7b14077800):  VMThread [stack: 0x00007f7af7eff000,0x00007f7af8000000] [id=14937]

Stack: [0x00007f7af7eff000,0x00007f7af8000000],  sp=0x00007f7af7ffe4c0,  free space=1021k
Native frames: (J=compiled Java code, j=interpreted, Vv=VM code, C=native code)
V  [libjvm.so+0x9e465d]  VMError::report_and_die()+0x15d
V  [libjvm.so+0x4b6ada]  report_vm_out_of_memory(char const*, int, unsigned long, VMErrorType, char const*)+0x8a
V  [libjvm.so+0x84c860]  os::pd_commit_memory(char*, unsigned long, unsigned long, bool)+0xf0
V  [libjvm.so+0x84737f]  os::commit_memory(char*, unsigned long, unsigned long, bool)+0x1f
V  [libjvm.so+0x8bd3db]  PSVirtualSpace::expand_by(unsigned long)+0x5b
V  [libjvm.so+0x8be050]  PSYoungGen::resize_generation(unsigned long, unsigned long)+0xb0
V  [libjvm.so+0x8be36b]  PSYoungGen::resize(unsigned long, unsigned long)+0x1b
V  [libjvm.so+0x8baa5c]  PSScavenge::invoke_no_policy()+0xdac
V  [libjvm.so+0x8bb238]  PSScavenge::invoke()+0x38
V  [libjvm.so+0x86fcf3]  ParallelScavengeHeap::failed_mem_allocate(unsigned long)+0x63
V  [libjvm.so+0x9e6124]  VM_ParallelGCFailedAllocation::doit()+0x84
V  [libjvm.so+0x9ea537]  VM_Operation::evaluate()+0x47
V  [libjvm.so+0x9e8ff8]  VMThread::evaluate_operation(VM_Operation*)+0x2c8
V  [libjvm.so+0x9e9479]  VMThread::loop()+0x219
V  [libjvm.so+0x9e98c2]  VMThread::run()+0x72
V  [libjvm.so+0x849c82]  java_start(Thread*)+0xf2

VM_Operation (0x00007f7b1d735480): ParallelGCFailedAllocation, mode: safepoint, requested by thread 0x00007f7b1400a000


---------------  P R O C E S S  ---------------

Java Threads: ( => current thread )
  0x00007f7b1413f800 JavaThread "pool-2-thread-4" [_thread_blocked, id=14950, stack(0x00007f7af6d95000,0x00007f7af6e96000)]
  0x00007f7b1413d800 JavaThread "pool-2-thread-3" [_thread_blocked, id=14949, stack(0x00007f7af6e96000,0x00007f7af6f97000)]
  0x00007f7b1413a000 JavaThread "pool-2-thread-2" [_thread_blocked, id=14948, stack(0x00007f7af6f97000,0x00007f7af7098000)]
  0x00007f7b14138000 JavaThread "pool-3-thread-1" [_thread_blocked, id=14947, stack(0x00007f7af7098000,0x00007f7af7199000)]
  0x00007f7b14136800 JavaThread "pool-2-thread-1" [_thread_blocked, id=14946, stack(0x00007f7af7199000,0x00007f7af729a000)]
  0x00007f7b140c0800 JavaThread "Service Thread" daemon [_thread_blocked, id=14944, stack(0x00007f7af739b000,0x00007f7af749c000)]
  0x00007f7b140bd800 JavaThread "C1 CompilerThread2" daemon [_thread_blocked, id=14943, stack(0x00007f7af749c000,0x00007f7af759d000)]
  0x00007f7b140bc000 JavaThread "C2 CompilerThread1" daemon [_thread_blocked, id=14942, stack(0x00007f7af759d000,0x00007f7af769e000)]
  0x00007f7b140b9000 JavaThread "C2 CompilerThread0" daemon [_thread_blocked, id=14941, stack(0x00007f7af769e000,0x00007f7af779f000)]
  0x00007f7b140b7800 JavaThread "Signal Dispatcher" daemon [_thread_blocked, id=14940, stack(0x00007f7af779f000,0x00007f7af78a0000)]
  0x00007f7b14083800 JavaThread "Finalizer" daemon [_thread_blocked, id=14939, stack(0x00007f7af7cfd000,0x00007f7af7dfe000)]
  0x00007f7b1407f000 JavaThread "Reference Handler" daemon [_thread_blocked, id=14938, stack(0x00007f7af7dfe000,0x00007f7af7eff000)]
  0x00007f7b1400a000 JavaThread "main" [_thread_blocked, id=14930, stack(0x00007f7b1d637000,0x00007f7b1d738000)]

Other Threads:
=>0x00007f7b14077800 VMThread [stack: 0x00007f7af7eff000,0x00007f7af8000000] [id=14937]
  0x00007f7b140c3000 WatcherThread [stack: 0x00007f7af729a000,0x00007f7af739b000] [id=14945]

VM state:at safepoint (normal execution)

VM Mutex/Monitor currently owned by a thread:  ([mutex/lock_event])
[0x00007f7b140065b0] Threads_lock - owner thread: 0x00007f7b14077800
[0x00007f7b14006ab0] Heap_lock - owner thread: 0x00007f7b1400a000

Heap:
 PSYoungGen      total 330240K, used 111087K [0x000000076ab00000, 0x0000000786200000, 0x00000007c0000000)
  eden space 219136K, 0% used [0x000000076ab00000,0x000000076ab00000,0x0000000778100000)
  from space 111104K, 99% used [0x000000077f580000,0x00000007861fbf88,0x0000000786200000)
  to   space 86016K, 0% used [0x0000000778100000,0x0000000778100000,0x000000077d500000)
 ParOldGen       total 220160K, used 129220K [0x00000006c0000000, 0x00000006cd700000, 0x000000076ab00000)
  object space 220160K, 58% used [0x00000006c0000000,0x00000006c7e31078,0x00000006cd700000)
 Metaspace       used 6349K, capacity 7152K, committed 7296K, reserved 1056768K
  class space    used 590K, capacity 616K, committed 640K, reserved 1048576K

Card table byte_map: [0x00007f7b19cd2000,0x00007f7b1a4d3000] byte_map_base: 0x00007f7b166d2000

Marking Bits: (ParMarkBitMap*) 0x00007f7b1cb0f340
 Begin Bits: [0x00007f7afd000000, 0x00007f7b01000000)
 End Bits:   [0x00007f7b01000000, 0x00007f7b05000000)

Polling page: 0x00007f7b1d761000

CodeCache: size=245760Kb used=7651Kb max_used=7651Kb free=238108Kb
 bounds [0x00007f7b05000000, 0x00007f7b05780000, 0x00007f7b14000000]
 total_blobs=2180 nmethods=1913 adapters=181
 compilation: enabled

Compilation events (10 events):
Event: 32,063 Thread 0x00007f7b140bd800 2344       2       java.util.concurrent.FutureTask::set (36 bytes)
Event: 32,064 Thread 0x00007f7b140bd800 nmethod 2344 0x00007f7b0577c190 code [0x00007f7b0577c300, 0x00007f7b0577c4e8]
Event: 32,090 Thread 0x00007f7b140bd800 2345   !   2       com.android.dx.cf.direct.AnnotationParser::parseAnnotationAttribute (43 bytes)
Event: 32,091 Thread 0x00007f7b140bd800 nmethod 2345 0x00007f7b0577c590 code [0x00007f7b0577c740, 0x00007f7b0577ca78]
Event: 32,091 Thread 0x00007f7b140bd800 2346   !   2       com.android.dx.cf.attrib.BaseAnnotations::<init> (48 bytes)
Event: 32,092 Thread 0x00007f7b140bd800 nmethod 2346 0x00007f7b0577cd10 code [0x00007f7b0577cec0, 0x00007f7b0577d2a8]
Event: 32,092 Thread 0x00007f7b140bd800 2347       2       com.android.dx.cf.attrib.BaseAnnotations::byteLength (8 bytes)
Event: 32,092 Thread 0x00007f7b140bd800 nmethod 2347 0x00007f7b0577d590 code [0x00007f7b0577d6e0, 0x00007f7b0577d830]
Event: 32,151 Thread 0x00007f7b140bd800 2348       2       com.android.dx.rop.cst.CstFloat::getType (4 bytes)
Event: 32,151 Thread 0x00007f7b140bd800 nmethod 2348 0x00007f7b0577d8d0 code [0x00007f7b0577da20, 0x00007f7b0577db70]

GC Heap History (10 events):
Event: 13,304 GC heap after
Heap after GC invocations=4 (full 0):
 PSYoungGen      total 132096K, used 5088K [0x000000076ab00000, 0x0000000773100000, 0x00000007c0000000)
  eden space 126976K, 0% used [0x000000076ab00000,0x000000076ab00000,0x0000000772700000)
  from space 5120K, 99% used [0x0000000772c00000,0x00000007730f8048,0x0000000773100000)
  to   space 5120K, 0% used [0x0000000772700000,0x0000000772700000,0x0000000772c00000)
 ParOldGen       total 84992K, used 35070K [0x00000006c0000000, 0x00000006c5300000, 0x000000076ab00000)
  object space 84992K, 41% used [0x00000006c0000000,0x00000006c223fb38,0x00000006c5300000)
 Metaspace       used 6177K, capacity 7088K, committed 7296K, reserved 1056768K
  class space    used 589K, capacity 616K, committed 640K, reserved 1048576K
}
Event: 15,630 GC heap before
{Heap before GC invocations=5 (full 0):
 PSYoungGen      total 132096K, used 132064K [0x000000076ab00000, 0x0000000773100000, 0x00000007c0000000)
  eden space 126976K, 100% used [0x000000076ab00000,0x0000000772700000,0x0000000772700000)
  from space 5120K, 99% used [0x0000000772c00000,0x00000007730f8048,0x0000000773100000)
  to   space 5120K, 0% used [0x0000000772700000,0x0000000772700000,0x0000000772c00000)
 ParOldGen       total 84992K, used 35070K [0x00000006c0000000, 0x00000006c5300000, 0x000000076ab00000)
  object space 84992K, 41% used [0x00000006c0000000,0x00000006c223fb38,0x00000006c5300000)
 Metaspace       used 6246K, capacity 7088K, committed 7296K, reserved 1056768K
  class space    used 589K, capacity 616K, committed 640K, reserved 1048576K
Event: 15,939 GC heap after
Heap after GC invocations=5 (full 0):
 PSYoungGen      total 132096K, used 5095K [0x000000076ab00000, 0x0000000782900000, 0x00000007c0000000)
  eden space 126976K, 0% used [0x000000076ab00000,0x000000076ab00000,0x0000000772700000)
  from space 5120K, 99% used [0x0000000772700000,0x0000000772bf9e18,0x0000000772c00000)
  to   space 68608K, 0% used [0x000000077e600000,0x000000077e600000,0x0000000782900000)
 ParOldGen       total 107008K, used 106106K [0x00000006c0000000, 0x00000006c6880000, 0x000000076ab00000)
  object space 107008K, 99% used [0x00000006c0000000,0x00000006c679e970,0x00000006c6880000)
 Metaspace       used 6246K, capacity 7088K, committed 7296K, reserved 1056768K
  class space    used 589K, capacity 616K, committed 640K, reserved 1048576K
}
Event: 15,939 GC heap before
{Heap before GC invocations=6 (full 1):
 PSYoungGen      total 132096K, used 5095K [0x000000076ab00000, 0x0000000782900000, 0x00000007c0000000)
  eden space 126976K, 0% used [0x000000076ab00000,0x000000076ab00000,0x0000000772700000)
  from space 5120K, 99% used [0x0000000772700000,0x0000000772bf9e18,0x0000000772c00000)
  to   space 68608K, 0% used [0x000000077e600000,0x000000077e600000,0x0000000782900000)
 ParOldGen       total 107008K, used 106106K [0x00000006c0000000, 0x00000006c6880000, 0x000000076ab00000)
  object space 107008K, 99% used [0x00000006c0000000,0x00000006c679e970,0x00000006c6880000)
 Metaspace       used 6246K, capacity 7088K, committed 7296K, reserved 1056768K
  class space    used 589K, capacity 616K, committed 640K, reserved 1048576K
Event: 19,423 GC heap after
Heap after GC invocations=6 (full 1):
 PSYoungGen      total 132096K, used 0K [0x000000076ab00000, 0x0000000782900000, 0x00000007c0000000)
  eden space 126976K, 0% used [0x000000076ab00000,0x000000076ab00000,0x0000000772700000)
  from space 5120K, 0% used [0x0000000772700000,0x0000000772700000,0x0000000772c00000)
  to   space 68608K, 0% used [0x000000077e600000,0x000000077e600000,0x0000000782900000)
 ParOldGen       total 220160K, used 102561K [0x00000006c0000000, 0x00000006cd700000, 0x000000076ab00000)
  object space 220160K, 46% used [0x00000006c0000000,0x00000006c64287e0,0x00000006cd700000)
 Metaspace       used 6246K, capacity 7088K, committed 7296K, reserved 1056768K
  class space    used 589K, capacity 616K, committed 640K, reserved 1048576K
}
Event: 20,342 GC heap before
{Heap before GC invocations=7 (full 1):
 PSYoungGen      total 132096K, used 126976K [0x000000076ab00000, 0x0000000782900000, 0x00000007c0000000)
  eden space 126976K, 100% used [0x000000076ab00000,0x0000000772700000,0x0000000772700000)
  from space 5120K, 0% used [0x0000000772700000,0x0000000772700000,0x0000000772c00000)
  to   space 68608K, 0% used [0x000000077e600000,0x000000077e600000,0x0000000782900000)
 ParOldGen       total 220160K, used 102561K [0x00000006c0000000, 0x00000006cd700000, 0x000000076ab00000)
  object space 220160K, 46% used [0x00000006c0000000,0x00000006c64287e0,0x00000006cd700000)
 Metaspace       used 6259K, capacity 7088K, committed 7296K, reserved 1056768K
  class space    used 590K, capacity 616K, committed 640K, reserved 1048576K
Event: 20,809 GC heap after
Heap after GC invocations=7 (full 1):
 PSYoungGen      total 235520K, used 68596K [0x000000076ab00000, 0x0000000782900000, 0x00000007c0000000)
  eden space 166912K, 0% used [0x000000076ab00000,0x000000076ab00000,0x0000000774e00000)
  from space 68608K, 99% used [0x000000077e600000,0x00000007828fd050,0x0000000782900000)
  to   space 86016K, 0% used [0x0000000778100000,0x0000000778100000,0x000000077d500000)
 ParOldGen       total 220160K, used 102836K [0x00000006c0000000, 0x00000006cd700000, 0x000000076ab00000)
  object space 220160K, 46% used [0x00000006c0000000,0x00000006c646d1d0,0x00000006cd700000)
 Metaspace       used 6259K, capacity 7088K, committed 7296K, reserved 1056768K
  class space    used 590K, capacity 616K, committed 640K, reserved 1048576K
}
Event: 23,853 GC heap before
{Heap before GC invocations=8 (full 1):
 PSYoungGen      total 235520K, used 235508K [0x000000076ab00000, 0x0000000782900000, 0x00000007c0000000)
  eden space 166912K, 100% used [0x000000076ab00000,0x0000000774e00000,0x0000000774e00000)
  from space 68608K, 99% used [0x000000077e600000,0x00000007828fd050,0x0000000782900000)
  to   space 86016K, 0% used [0x0000000778100000,0x0000000778100000,0x000000077d500000)
 ParOldGen       total 220160K, used 102836K [0x00000006c0000000, 0x00000006cd700000, 0x000000076ab00000)
  object space 220160K, 46% used [0x00000006c0000000,0x00000006c646d1d0,0x00000006cd700000)
 Metaspace       used 6312K, capacity 7152K, committed 7296K, reserved 1056768K
  class space    used 590K, capacity 616K, committed 640K, reserved 1048576K
Event: 24,449 GC heap after
Heap after GC invocations=8 (full 1):
 PSYoungGen      total 305152K, used 86014K [0x000000076ab00000, 0x0000000786200000, 0x00000007c0000000)
  eden space 219136K, 0% used [0x000000076ab00000,0x000000076ab00000,0x0000000778100000)
  from space 86016K, 99% used [0x0000000778100000,0x000000077d4ffa58,0x000000077d500000)
  to   space 111104K, 0% used [0x000000077f580000,0x000000077f580000,0x0000000786200000)
 ParOldGen       total 220160K, used 115148K [0x00000006c0000000, 0x00000006cd700000, 0x000000076ab00000)
  object space 220160K, 52% used [0x00000006c0000000,0x00000006c7073060,0x00000006cd700000)
 Metaspace       used 6312K, capacity 7152K, committed 7296K, reserved 1056768K
  class space    used 590K, capacity 616K, committed 640K, reserved 1048576K
}
Event: 32,361 GC heap before
{Heap before GC invocations=9 (full 1):
 PSYoungGen      total 305152K, used 305150K [0x000000076ab00000, 0x0000000786200000, 0x00000007c0000000)
  eden space 219136K, 100% used [0x000000076ab00000,0x0000000778100000,0x0000000778100000)
  from space 86016K, 99% used [0x0000000778100000,0x000000077d4ffa58,0x000000077d500000)
  to   space 111104K, 0% used [0x000000077f580000,0x000000077f580000,0x0000000786200000)
 ParOldGen       total 220160K, used 115148K [0x00000006c0000000, 0x00000006cd700000, 0x000000076ab00000)
  object space 220160K, 52% used [0x00000006c0000000,0x00000006c7073060,0x00000006cd700000)
 Metaspace       used 6349K, capacity 7152K, committed 7296K, reserved 1056768K
  class space    used 590K, capacity 616K, committed 640K, reserved 1048576K

Deoptimization events (10 events):
Event: 7,950 Thread 0x00007f7b1413d800 Uncommon trap: reason=unstable_if action=reinterpret pc=0x00007f7b0526678c method=java.util.HashMap.putVal(ILjava/lang/Object;Ljava/lang/Object;ZZ)Ljava/lang/Object; @ 162
Event: 12,224 Thread 0x00007f7b1400a000 Uncommon trap: reason=unstable_if action=reinterpret pc=0x00007f7b05462a38 method=java.util.HashMap.putVal(ILjava/lang/Object;Ljava/lang/Object;ZZ)Ljava/lang/Object; @ 94
Event: 14,968 Thread 0x00007f7b1400a000 Uncommon trap: reason=unstable_if action=reinterpret pc=0x00007f7b054cc048 method=com.android.dx.ssa.SCCP.simulateStmt(Lcom/android/dx/ssa/SsaInsn;)V @ 59
Event: 22,702 Thread 0x00007f7b1400a000 Uncommon trap: reason=unstable_if action=reinterpret pc=0x00007f7b05672a8c method=java.util.HashMap.getNode(ILjava/lang/Object;)Ljava/util/HashMap$Node; @ 84
Event: 22,960 Thread 0x00007f7b1413d800 Uncommon trap: reason=unstable_if action=reinterpret pc=0x00007f7b052eee54 method=com.android.dx.ssa.SetFactory.makeLivenessSet(I)Lcom/android/dx/util/IntSet; @ 4
Event: 22,960 Thread 0x00007f7b1413d800 Uncommon trap: reason=unstable_if action=reinterpret pc=0x00007f7b0527a568 method=com.android.dx.ssa.SetFactory.makeLivenessSet(I)Lcom/android/dx/util/IntSet; @ 4
Event: 22,979 Thread 0x00007f7b1413d800 Uncommon trap: reason=class_check action=maybe_recompile pc=0x00007f7b05291664 method=com.android.dx.ssa.back.InterferenceGraph.add(II)V @ 19
Event: 22,979 Thread 0x00007f7b1413d800 Uncommon trap: reason=class_check action=maybe_recompile pc=0x00007f7b05291664 method=com.android.dx.ssa.back.InterferenceGraph.add(II)V @ 19
Event: 22,979 Thread 0x00007f7b1413d800 Uncommon trap: reason=class_check action=maybe_recompile pc=0x00007f7b05291664 method=com.android.dx.ssa.back.InterferenceGraph.add(II)V @ 19
Event: 22,979 Thread 0x00007f7b1413d800 Uncommon trap: reason=class_check action=maybe_recompile pc=0x00007f7b05291664 method=com.android.dx.ssa.back.InterferenceGraph.add(II)V @ 19

Internal exceptions (6 events):
Event: 0,394 Thread 0x00007f7b1400a000 Exception <a 'java/lang/NoSuchMethodError': Method sun.misc.Unsafe.defineClass(Ljava/lang/String;[BII)Ljava/lang/Class; name or signature does not match> (0x000000076ab07c78) thrown at [/ssd/Android/AOSP-openjdk/external/jetbrains/jdk/hotspot/src/share/vm
Event: 0,394 Thread 0x00007f7b1400a000 Exception <a 'java/lang/NoSuchMethodError': Method sun.misc.Unsafe.prefetchRead(Ljava/lang/Object;J)V name or signature does not match> (0x000000076ab07f60) thrown at [/ssd/Android/AOSP-openjdk/external/jetbrains/jdk/hotspot/src/share/vm/prims/jni.cpp, li
Event: 7,475 Thread 0x00007f7b1413f800 Implicit null exception at 0x00007f7b0525cfe2 to 0x00007f7b0525d0db
Event: 7,952 Thread 0x00007f7b1413d800 Exception <a 'java/lang/ArrayIndexOutOfBoundsException': 18> (0x000000076ba644c8) thrown at [/ssd/Android/AOSP-openjdk/external/jetbrains/jdk/hotspot/src/share/vm/interpreter/interpreterRuntime.cpp, line 366]
Event: 7,952 Thread 0x00007f7b1413d800 Exception <a 'java/lang/ArrayIndexOutOfBoundsException': 145> (0x000000076ba66048) thrown at [/ssd/Android/AOSP-openjdk/external/jetbrains/jdk/hotspot/src/share/vm/interpreter/interpreterRuntime.cpp, line 366]
Event: 7,969 Thread 0x00007f7b1413d800 Exception <a 'java/lang/ArrayIndexOutOfBoundsException': 40> (0x000000076ba67330) thrown at [/ssd/Android/AOSP-openjdk/external/jetbrains/jdk/hotspot/src/share/vm/interpreter/interpreterRuntime.cpp, line 366]

Events (10 events):
Event: 30,810 Thread 0x00007f7b1400a000 DEOPT UNPACKING pc=0x00007f7b05047373 sp=0x00007f7b1d735648 mode 0
Event: 31,220 Thread 0x00007f7b1400a000 DEOPT PACKING pc=0x00007f7b053c20bd sp=0x00007f7b1d735770
Event: 31,220 Thread 0x00007f7b1400a000 DEOPT UNPACKING pc=0x00007f7b05047373 sp=0x00007f7b1d735528 mode 0
Event: 31,486 Thread 0x00007f7b1400a000 DEOPT PACKING pc=0x00007f7b05368ff2 sp=0x00007f7b1d7357b0
Event: 31,486 Thread 0x00007f7b1400a000 DEOPT UNPACKING pc=0x00007f7b05047373 sp=0x00007f7b1d7355b0 mode 0
Event: 32,067 Thread 0x00007f7b1413d800 DEOPT PACKING pc=0x00007f7b053c20bd sp=0x00007f7af6f94f20
Event: 32,067 Thread 0x00007f7b1413d800 DEOPT UNPACKING pc=0x00007f7b05047373 sp=0x00007f7af6f94cd8 mode 0
Event: 32,307 Thread 0x00007f7b1400a000 DEOPT PACKING pc=0x00007f7b053c20bd sp=0x00007f7b1d735680
Event: 32,321 Thread 0x00007f7b1400a000 DEOPT UNPACKING pc=0x00007f7b05047373 sp=0x00007f7b1d735438 mode 0
Event: 32,330 Executing VM operation: ParallelGCFailedAllocation


Dynamic libraries:
00400000-00401000 r-xp 00000000 08:05 6555736                            /home/rene/android-studio/jre/bin/java
00600000-00601000 r--p 00000000 08:05 6555736                            /home/rene/android-studio/jre/bin/java
00601000-00602000 rw-p 00001000 08:05 6555736                            /home/rene/android-studio/jre/bin/java
0091a000-0093b000 rw-p 00000000 00:00 0                                  [heap]
6c0000000-6cd700000 rw-p 00000000 00:00 0 
6cd700000-76ab00000 ---p 00000000 00:00 0 
76ab00000-786200000 rw-p 00000000 00:00 0 
78d900000-7c0000000 ---p 00000000 00:00 0 
7c0000000-7c00a0000 rw-p 00000000 00:00 0 
7c00a0000-800000000 ---p 00000000 00:00 0 
7f7aa8000000-7f7aa8023000 rw-p 00000000 00:00 0 
7f7aa8023000-7f7aac000000 ---p 00000000 00:00 0 
7f7ab0000000-7f7ab0021000 rw-p 00000000 00:00 0 
7f7ab0021000-7f7ab4000000 ---p 00000000 00:00 0 
7f7ab4000000-7f7ab403c000 rw-p 00000000 00:00 0 
7f7ab403c000-7f7ab8000000 ---p 00000000 00:00 0 
7f7ab8000000-7f7ab8021000 rw-p 00000000 00:00 0 
7f7ab8021000-7f7abc000000 ---p 00000000 00:00 0 
7f7abc000000-7f7abc021000 rw-p 00000000 00:00 0 
7f7abc021000-7f7ac0000000 ---p 00000000 00:00 0 
7f7ac0000000-7f7ac0021000 rw-p 00000000 00:00 0 
7f7ac0021000-7f7ac4000000 ---p 00000000 00:00 0 
7f7ac4000000-7f7ac4021000 rw-p 00000000 00:00 0 
7f7ac4021000-7f7ac8000000 ---p 00000000 00:00 0 
7f7ac8000000-7f7ac8ba6000 rw-p 00000000 00:00 0 
7f7ac8ba6000-7f7acc000000 ---p 00000000 00:00 0 
7f7acc000000-7f7accaf5000 rw-p 00000000 00:00 0 
7f7accaf5000-7f7ad0000000 ---p 00000000 00:00 0 
7f7ad0000000-7f7ad0021000 rw-p 00000000 00:00 0 
7f7ad0021000-7f7ad4000000 ---p 00000000 00:00 0 
7f7ad4000000-7f7ad5380000 rw-p 00000000 00:00 0 
7f7ad5380000-7f7ad8000000 ---p 00000000 00:00 0 
7f7ad8000000-7f7ad8021000 rw-p 00000000 00:00 0 
7f7ad8021000-7f7adc000000 ---p 00000000 00:00 0 
7f7adc000000-7f7adc021000 rw-p 00000000 00:00 0 
7f7adc021000-7f7ae0000000 ---p 00000000 00:00 0 
7f7ae0000000-7f7ae0021000 rw-p 00000000 00:00 0 
7f7ae0021000-7f7ae4000000 ---p 00000000 00:00 0 
7f7ae4000000-7f7ae4280000 rw-p 00000000 00:00 0 
7f7ae4280000-7f7ae8000000 ---p 00000000 00:00 0 
7f7ae8000000-7f7ae8021000 rw-p 00000000 00:00 0 
7f7ae8021000-7f7aec000000 ---p 00000000 00:00 0 
7f7af0000000-7f7af0021000 rw-p 00000000 00:00 0 
7f7af0021000-7f7af4000000 ---p 00000000 00:00 0 
7f7af6d95000-7f7af6d98000 ---p 00000000 00:00 0 
7f7af6d98000-7f7af6e96000 rw-p 00000000 00:00 0 
7f7af6e96000-7f7af6e99000 ---p 00000000 00:00 0 
7f7af6e99000-7f7af6f97000 rw-p 00000000 00:00 0 
7f7af6f97000-7f7af6f9a000 ---p 00000000 00:00 0 
7f7af6f9a000-7f7af7098000 rw-p 00000000 00:00 0 
7f7af7098000-7f7af709b000 ---p 00000000 00:00 0 
7f7af709b000-7f7af7199000 rw-p 00000000 00:00 0 
7f7af7199000-7f7af719c000 ---p 00000000 00:00 0 
7f7af719c000-7f7af729a000 rw-p 00000000 00:00 0 
7f7af729a000-7f7af729b000 ---p 00000000 00:00 0 
7f7af729b000-7f7af739b000 rw-p 00000000 00:00 0 
7f7af739b000-7f7af739e000 ---p 00000000 00:00 0 
7f7af739e000-7f7af749c000 rw-p 00000000 00:00 0 
7f7af749c000-7f7af749f000 ---p 00000000 00:00 0 
7f7af749f000-7f7af759d000 rw-p 00000000 00:00 0 
7f7af759d000-7f7af75a0000 ---p 00000000 00:00 0 
7f7af75a0000-7f7af769e000 rw-p 00000000 00:00 0 
7f7af769e000-7f7af76a1000 ---p 00000000 00:00 0 
7f7af76a1000-7f7af779f000 rw-p 00000000 00:00 0 
7f7af779f000-7f7af77a2000 ---p 00000000 00:00 0 
7f7af77a2000-7f7af78a0000 rw-p 00000000 00:00 0 
7f7af78a0000-7f7af7cfd000 r--p 00000000 08:05 15471193                   /usr/lib/locale/locale-archive
7f7af7cfd000-7f7af7d00000 ---p 00000000 00:00 0 
7f7af7d00000-7f7af7dfe000 rw-p 00000000 00:00 0 
7f7af7dfe000-7f7af7e01000 ---p 00000000 00:00 0 
7f7af7e01000-7f7af7eff000 rw-p 00000000 00:00 0 
7f7af7eff000-7f7af7f00000 ---p 00000000 00:00 0 
7f7af7f00000-7f7af8000000 rw-p 00000000 00:00 0 
7f7af8000000-7f7af8021000 rw-p 00000000 00:00 0 
7f7af8021000-7f7afc000000 ---p 00000000 00:00 0 
7f7afc0f1000-7f7b05000000 rw-p 00000000 00:00 0 
7f7b05000000-7f7b05780000 rwxp 00000000 00:00 0 
7f7b05780000-7f7b14000000 ---p 00000000 00:00 0 
7f7b14000000-7f7b14380000 rw-p 00000000 00:00 0 
7f7b14380000-7f7b18000000 ---p 00000000 00:00 0 
7f7b18020000-7f7b18033000 r--s 000d9000 08:05 7738510                    /home/rene/.android/build-cache/e6e40c4365c835316a46bbc139e3239095fdab8b/output/jars/classes.jar
7f7b18033000-7f7b180d8000 rw-p 00000000 00:00 0 
7f7b180d8000-7f7b182a7000 r--s 03c1b000 08:05 6692526                    /home/rene/android-studio/jre/jre/lib/rt.jar
7f7b182a7000-7f7b189f8000 rw-p 00000000 00:00 0 
7f7b189f8000-7f7b18b78000 ---p 00000000 00:00 0 
7f7b18b78000-7f7b19378000 rw-p 00000000 00:00 0 
7f7b19378000-7f7b19379000 ---p 00000000 00:00 0 
7f7b19379000-7f7b19479000 rw-p 00000000 00:00 0 
7f7b19479000-7f7b1947a000 ---p 00000000 00:00 0 
7f7b1947a000-7f7b1957a000 rw-p 00000000 00:00 0 
7f7b1957a000-7f7b1957b000 ---p 00000000 00:00 0 
7f7b1957b000-7f7b1967b000 rw-p 00000000 00:00 0 
7f7b1967b000-7f7b1967c000 ---p 00000000 00:00 0 
7f7b1967c000-7f7b197e8000 rw-p 00000000 00:00 0 
7f7b197e8000-7f7b19cd2000 ---p 00000000 00:00 0 
7f7b19cd2000-7f7b19d3e000 rw-p 00000000 00:00 0 
7f7b19d3e000-7f7b1a227000 ---p 00000000 00:00 0 
7f7b1a227000-7f7b1a303000 rw-p 00000000 00:00 0 
7f7b1a303000-7f7b1a4d2000 ---p 00000000 00:00 0 
7f7b1a4d2000-7f7b1a4f1000 rw-p 00000000 00:00 0 
7f7b1a4f1000-7f7b1a893000 ---p 00000000 00:00 0 
7f7b1a893000-7f7b1a8ad000 r-xp 00000000 08:05 7079663                    /home/rene/android-studio/jre/jre/lib/amd64/libzip.so
7f7b1a8ad000-7f7b1aaad000 ---p 0001a000 08:05 7079663                    /home/rene/android-studio/jre/jre/lib/amd64/libzip.so
7f7b1aaad000-7f7b1aaae000 r--p 0001a000 08:05 7079663                    /home/rene/android-studio/jre/jre/lib/amd64/libzip.so
7f7b1aaae000-7f7b1aaaf000 rw-p 0001b000 08:05 7079663                    /home/rene/android-studio/jre/jre/lib/amd64/libzip.so
7f7b1aaaf000-7f7b1aaba000 r-xp 00000000 08:05 2890905                    /lib/x86_64-linux-gnu/libnss_files-2.23.so
7f7b1aaba000-7f7b1acb9000 ---p 0000b000 08:05 2890905                    /lib/x86_64-linux-gnu/libnss_files-2.23.so
7f7b1acb9000-7f7b1acba000 r--p 0000a000 08:05 2890905                    /lib/x86_64-linux-gnu/libnss_files-2.23.so
7f7b1acba000-7f7b1acbb000 rw-p 0000b000 08:05 2890905                    /lib/x86_64-linux-gnu/libnss_files-2.23.so
7f7b1acbb000-7f7b1acc1000 rw-p 00000000 00:00 0 
7f7b1acc1000-7f7b1accc000 r-xp 00000000 08:05 2890898                    /lib/x86_64-linux-gnu/libnss_nis-2.23.so
7f7b1accc000-7f7b1aecb000 ---p 0000b000 08:05 2890898                    /lib/x86_64-linux-gnu/libnss_nis-2.23.so
7f7b1aecb000-7f7b1aecc000 r--p 0000a000 08:05 2890898                    /lib/x86_64-linux-gnu/libnss_nis-2.23.so
7f7b1aecc000-7f7b1aecd000 rw-p 0000b000 08:05 2890898                    /lib/x86_64-linux-gnu/libnss_nis-2.23.so
7f7b1aecd000-7f7b1aee3000 r-xp 00000000 08:05 2890900                    /lib/x86_64-linux-gnu/libnsl-2.23.so
7f7b1aee3000-7f7b1b0e2000 ---p 00016000 08:05 2890900                    /lib/x86_64-linux-gnu/libnsl-2.23.so
7f7b1b0e2000-7f7b1b0e3000 r--p 00015000 08:05 2890900                    /lib/x86_64-linux-gnu/libnsl-2.23.so
7f7b1b0e3000-7f7b1b0e4000 rw-p 00016000 08:05 2890900                    /lib/x86_64-linux-gnu/libnsl-2.23.so
7f7b1b0e4000-7f7b1b0e6000 rw-p 00000000 00:00 0 
7f7b1b0e6000-7f7b1b0ee000 r-xp 00000000 08:05 2890907                    /lib/x86_64-linux-gnu/libnss_compat-2.23.so
7f7b1b0ee000-7f7b1b2ed000 ---p 00008000 08:05 2890907                    /lib/x86_64-linux-gnu/libnss_compat-2.23.so
7f7b1b2ed000-7f7b1b2ee000 r--p 00007000 08:05 2890907                    /lib/x86_64-linux-gnu/libnss_compat-2.23.so
7f7b1b2ee000-7f7b1b2ef000 rw-p 00008000 08:05 2890907                    /lib/x86_64-linux-gnu/libnss_compat-2.23.so
7f7b1b2ef000-7f7b1b31c000 r-xp 00000000 08:05 7079673                    /home/rene/android-studio/jre/jre/lib/amd64/libjava.so
7f7b1b31c000-7f7b1b51b000 ---p 0002d000 08:05 7079673                    /home/rene/android-studio/jre/jre/lib/amd64/libjava.so
7f7b1b51b000-7f7b1b51c000 r--p 0002c000 08:05 7079673                    /home/rene/android-studio/jre/jre/lib/amd64/libjava.so
7f7b1b51c000-7f7b1b51e000 rw-p 0002d000 08:05 7079673                    /home/rene/android-studio/jre/jre/lib/amd64/libjava.so
7f7b1b51e000-7f7b1b52e000 r-xp 00000000 08:05 7079689                    /home/rene/android-studio/jre/jre/lib/amd64/libverify.so
7f7b1b52e000-7f7b1b72d000 ---p 00010000 08:05 7079689                    /home/rene/android-studio/jre/jre/lib/amd64/libverify.so
7f7b1b72d000-7f7b1b72f000 r--p 0000f000 08:05 7079689                    /home/rene/android-studio/jre/jre/lib/amd64/libverify.so
7f7b1b72f000-7f7b1b730000 rw-p 00011000 08:05 7079689                    /home/rene/android-studio/jre/jre/lib/amd64/libverify.so
7f7b1b730000-7f7b1b737000 r-xp 00000000 08:05 2890908                    /lib/x86_64-linux-gnu/librt-2.23.so
7f7b1b737000-7f7b1b936000 ---p 00007000 08:05 2890908                    /lib/x86_64-linux-gnu/librt-2.23.so
7f7b1b936000-7f7b1b937000 r--p 00006000 08:05 2890908                    /lib/x86_64-linux-gnu/librt-2.23.so
7f7b1b937000-7f7b1b938000 rw-p 00007000 08:05 2890908                    /lib/x86_64-linux-gnu/librt-2.23.so
7f7b1b938000-7f7b1ba40000 r-xp 00000000 08:05 2890899                    /lib/x86_64-linux-gnu/libm-2.23.so
7f7b1ba40000-7f7b1bc3f000 ---p 00108000 08:05 2890899                    /lib/x86_64-linux-gnu/libm-2.23.so
7f7b1bc3f000-7f7b1bc40000 r--p 00107000 08:05 2890899                    /lib/x86_64-linux-gnu/libm-2.23.so
7f7b1bc40000-7f7b1bc41000 rw-p 00108000 08:05 2890899                    /lib/x86_64-linux-gnu/libm-2.23.so
7f7b1bc41000-7f7b1c832000 r-xp 00000000 08:05 7210098                    /home/rene/android-studio/jre/jre/lib/amd64/server/libjvm.so
7f7b1c832000-7f7b1ca32000 ---p 00bf1000 08:05 7210098                    /home/rene/android-studio/jre/jre/lib/amd64/server/libjvm.so
7f7b1ca32000-7f7b1cad1000 r--p 00bf1000 08:05 7210098                    /home/rene/android-studio/jre/jre/lib/amd64/server/libjvm.so
7f7b1cad1000-7f7b1cafa000 rw-p 00c90000 08:05 7210098                    /home/rene/android-studio/jre/jre/lib/amd64/server/libjvm.so
7f7b1cafa000-7f7b1cb3e000 rw-p 00000000 00:00 0 
7f7b1cb3e000-7f7b1cb56000 r-xp 00000000 08:05 2890912                    /lib/x86_64-linux-gnu/libpthread-2.23.so
7f7b1cb56000-7f7b1cd55000 ---p 00018000 08:05 2890912                    /lib/x86_64-linux-gnu/libpthread-2.23.so
7f7b1cd55000-7f7b1cd56000 r--p 00017000 08:05 2890912                    /lib/x86_64-linux-gnu/libpthread-2.23.so
7f7b1cd56000-7f7b1cd57000 rw-p 00018000 08:05 2890912                    /lib/x86_64-linux-gnu/libpthread-2.23.so
7f7b1cd57000-7f7b1cd5b000 rw-p 00000000 00:00 0 
7f7b1cd5b000-7f7b1cd5e000 r-xp 00000000 08:05 2890897                    /lib/x86_64-linux-gnu/libdl-2.23.so
7f7b1cd5e000-7f7b1cf5d000 ---p 00003000 08:05 2890897                    /lib/x86_64-linux-gnu/libdl-2.23.so
7f7b1cf5d000-7f7b1cf5e000 r--p 00002000 08:05 2890897                    /lib/x86_64-linux-gnu/libdl-2.23.so
7f7b1cf5e000-7f7b1cf5f000 rw-p 00003000 08:05 2890897                    /lib/x86_64-linux-gnu/libdl-2.23.so
7f7b1cf5f000-7f7b1d11e000 r-xp 00000000 08:05 2890901                    /lib/x86_64-linux-gnu/libc-2.23.so
7f7b1d11e000-7f7b1d31e000 ---p 001bf000 08:05 2890901                    /lib/x86_64-linux-gnu/libc-2.23.so
7f7b1d31e000-7f7b1d322000 r--p 001bf000 08:05 2890901                    /lib/x86_64-linux-gnu/libc-2.23.so
7f7b1d322000-7f7b1d324000 rw-p 001c3000 08:05 2890901                    /lib/x86_64-linux-gnu/libc-2.23.so
7f7b1d324000-7f7b1d328000 rw-p 00000000 00:00 0 
7f7b1d328000-7f7b1d33e000 r-xp 00000000 08:05 6555712                    /home/rene/android-studio/jre/lib/amd64/jli/libjli.so
7f7b1d33e000-7f7b1d53d000 ---p 00016000 08:05 6555712                    /home/rene/android-studio/jre/lib/amd64/jli/libjli.so
7f7b1d53d000-7f7b1d53e000 r--p 00015000 08:05 6555712                    /home/rene/android-studio/jre/lib/amd64/jli/libjli.so
7f7b1d53e000-7f7b1d53f000 rw-p 00016000 08:05 6555712                    /home/rene/android-studio/jre/lib/amd64/jli/libjli.so
7f7b1d53f000-7f7b1d565000 r-xp 00000000 08:05 2890902                    /lib/x86_64-linux-gnu/ld-2.23.so
7f7b1d571000-7f7b1d637000 rw-p 00000000 00:00 0 
7f7b1d637000-7f7b1d63a000 ---p 00000000 00:00 0 
7f7b1d63a000-7f7b1d73c000 rw-p 00000000 00:00 0 
7f7b1d74a000-7f7b1d758000 r--s 000e0000 08:05 4063234                    /home/rene/Android/Sdk/build-tools/25.0.2/lib/dx.jar
7f7b1d758000-7f7b1d760000 rw-s 00000000 08:05 3676723                    /tmp/hsperfdata_rene/14928
7f7b1d760000-7f7b1d761000 rw-p 00000000 00:00 0 
7f7b1d761000-7f7b1d762000 ---p 00000000 00:00 0 
7f7b1d762000-7f7b1d764000 rw-p 00000000 00:00 0 
7f7b1d764000-7f7b1d765000 r--p 00025000 08:05 2890902                    /lib/x86_64-linux-gnu/ld-2.23.so
7f7b1d765000-7f7b1d766000 rw-p 00026000 08:05 2890902                    /lib/x86_64-linux-gnu/ld-2.23.so
7f7b1d766000-7f7b1d767000 rw-p 00000000 00:00 0 
7fff84134000-7fff84155000 rw-p 00000000 00:00 0                          [stack]
7fff84164000-7fff84166000 r--p 00000000 00:00 0                          [vvar]
7fff84166000-7fff84168000 r-xp 00000000 00:00 0                          [vdso]
ffffffffff600000-ffffffffff601000 r-xp 00000000 00:00 0                  [vsyscall]

VM Arguments:
jvm_args: -Djava.awt.headless=true -Xmx4g -Dfile.encoding=UTF-8 -Duser.country=US -Duser.language=en -Duser.variant 
java_command: com.android.dx.command.Main --dex --force-jumbo --num-threads=4 --multi-dex --output /home/rene/Dokumente/Projects/MyArrowClient/app/build/intermediates/transforms/dex/dev/debug/folders/1000/10/classes_b9e2a022f2dd752f682bb5c0621a7265cf4927fd /home/rene/.android/build-cache/e6e40c4365c835316a46bbc139e3239095fdab8b/output/jars/classes.jar
java_class_path (initial): /home/rene/Android/Sdk/build-tools/25.0.2/lib/dx.jar
Launcher Type: SUN_STANDARD

Environment Variables:
PATH=/home/rene/bin:/home/rene/.local/bin:/usr/local/sbin:/usr/local/bin:/usr/sbin:/usr/bin:/sbin:/bin:/usr/games:/usr/local/games
USERNAME=rene
LD_LIBRARY_PATH=/home/rene/android-studio/bin:
SHELL=/bin/bash
DISPLAY=:0

Signal Handlers:
SIGSEGV: [libjvm.so+0x9e5150], sa_mask[0]=11111111011111111101111111111110, sa_flags=SA_RESTART|SA_SIGINFO
SIGBUS: [libjvm.so+0x9e5150], sa_mask[0]=11111111011111111101111111111110, sa_flags=SA_RESTART|SA_SIGINFO
SIGFPE: [libjvm.so+0x848450], sa_mask[0]=11111111011111111101111111111110, sa_flags=SA_RESTART|SA_SIGINFO
SIGPIPE: [libjvm.so+0x848450], sa_mask[0]=11111111011111111101111111111110, sa_flags=SA_RESTART|SA_SIGINFO
SIGXFSZ: [libjvm.so+0x848450], sa_mask[0]=11111111011111111101111111111110, sa_flags=SA_RESTART|SA_SIGINFO
SIGILL: [libjvm.so+0x848450], sa_mask[0]=11111111011111111101111111111110, sa_flags=SA_RESTART|SA_SIGINFO
SIGUSR1: SIG_DFL, sa_mask[0]=00000000000000000000000000000000, sa_flags=none
SIGUSR2: [libjvm.so+0x848320], sa_mask[0]=00100000000000000000000000000000, sa_flags=SA_RESTART|SA_SIGINFO
SIGHUP: [libjvm.so+0x848510], sa_mask[0]=11111111011111111101111111111110, sa_flags=SA_RESTART|SA_SIGINFO
SIGINT: [libjvm.so+0x848510], sa_mask[0]=11111111011111111101111111111110, sa_flags=SA_RESTART|SA_SIGINFO
SIGTERM: [libjvm.so+0x848510], sa_mask[0]=11111111011111111101111111111110, sa_flags=SA_RESTART|SA_SIGINFO
SIGQUIT: [libjvm.so+0x848510], sa_mask[0]=11111111011111111101111111111110, sa_flags=SA_RESTART|SA_SIGINFO


---------------  S Y S T E M  ---------------

OS:DISTRIB_ID=LinuxMint
DISTRIB_RELEASE=18.1
DISTRIB_CODENAME=serena
DISTRIB_DESCRIPTION="Linux Mint 18.1 Serena"

uname:Linux 4.4.0-75-generic #96-Ubuntu SMP Thu Apr 20 09:56:33 UTC 2017 x86_64
libc:glibc 2.23 NPTL 2.23 
rlimit: STACK 8192k, CORE 0k, NPROC 31341, NOFILE 65536, AS infinity
load average:22,12 7,83 3,13

/proc/meminfo:
MemTotal:        8066112 kB
MemFree:          118524 kB
MemAvailable:      27432 kB
Buffers:             284 kB
Cached:           658500 kB
SwapCached:            0 kB
Active:          7168356 kB
Inactive:         556480 kB
Active(anon):    7161236 kB
Inactive(anon):   548992 kB
Active(file):       7120 kB
Inactive(file):     7488 kB
Unevictable:          16 kB
Mlocked:              16 kB
SwapTotal:             0 kB
SwapFree:              0 kB
Dirty:               112 kB
Writeback:             0 kB
AnonPages:       7066808 kB
Mapped:           197500 kB
Shmem:            643436 kB
Slab:             106100 kB
SReclaimable:      72088 kB
SUnreclaim:        34012 kB
KernelStack:       12736 kB
PageTables:        39080 kB
NFS_Unstable:          0 kB
Bounce:                0 kB
WritebackTmp:          0 kB
CommitLimit:     4033056 kB
Committed_AS:   11446932 kB
VmallocTotal:   34359738367 kB
VmallocUsed:           0 kB
VmallocChunk:          0 kB
HardwareCorrupted:     0 kB
AnonHugePages:   4206592 kB
CmaTotal:              0 kB
CmaFree:               0 kB
HugePages_Total:       0
HugePages_Free:        0
HugePages_Rsvd:        0
HugePages_Surp:        0
Hugepagesize:       2048 kB
DirectMap4k:       94848 kB
DirectMap2M:     8185856 kB


CPU:total 4 (2 cores per cpu, 2 threads per core) family 6 model 42 stepping 7, cmov, cx8, fxsr, mmx, sse, sse2, sse3, ssse3, sse4.1, sse4.2, popcnt, avx, aes, clmul, ht, tsc, tscinvbit

/proc/cpuinfo:
processor	: 0
vendor_id	: GenuineIntel
cpu family	: 6
model		: 42
model name	: Intel(R) Core(TM) i7-2637M CPU @ 1.70GHz
stepping	: 7
microcode	: 0x29
cpu MHz		: 2499.996
cache size	: 4096 KB
physical id	: 0
siblings	: 4
core id		: 0
cpu cores	: 2
apicid		: 0
initial apicid	: 0
fpu		: yes
fpu_exception	: yes
cpuid level	: 13
wp		: yes
flags		: fpu vme de pse tsc msr pae mce cx8 apic sep mtrr pge mca cmov pat pse36 clflush dts acpi mmx fxsr sse sse2 ss ht tm pbe syscall nx rdtscp lm constant_tsc arch_perfmon pebs bts nopl xtopology nonstop_tsc aperfmperf eagerfpu pni pclmulqdq dtes64 monitor ds_cpl vmx smx est tm2 ssse3 cx16 xtpr pdcm pcid sse4_1 sse4_2 x2apic popcnt tsc_deadline_timer aes xsave avx lahf_lm epb tpr_shadow vnmi flexpriority ept vpid xsaveopt dtherm ida arat pln pts
bugs		:
bogomips	: 3392.10
clflush size	: 64
cache_alignment	: 64
address sizes	: 36 bits physical, 48 bits virtual
power management:

processor	: 1
vendor_id	: GenuineIntel
cpu family	: 6
model		: 42
model name	: Intel(R) Core(TM) i7-2637M CPU @ 1.70GHz
stepping	: 7
microcode	: 0x29
cpu MHz		: 2498.003
cache size	: 4096 KB
physical id	: 0
siblings	: 4
core id		: 0
cpu cores	: 2
apicid		: 1
initial apicid	: 1
fpu		: yes
fpu_exception	: yes
cpuid level	: 13
wp		: yes
flags		: fpu vme de pse tsc msr pae mce cx8 apic sep mtrr pge mca cmov pat pse36 clflush dts acpi mmx fxsr sse sse2 ss ht tm pbe syscall nx rdtscp lm constant_tsc arch_perfmon pebs bts nopl xtopology nonstop_tsc aperfmperf eagerfpu pni pclmulqdq dtes64 monitor ds_cpl vmx smx est tm2 ssse3 cx16 xtpr pdcm pcid sse4_1 sse4_2 x2apic popcnt tsc_deadline_timer aes xsave avx lahf_lm epb tpr_shadow vnmi flexpriority ept vpid xsaveopt dtherm ida arat pln pts
bugs		:
bogomips	: 3392.10
clflush size	: 64
cache_alignment	: 64
address sizes	: 36 bits physical, 48 bits virtual
power management:

processor	: 2
vendor_id	: GenuineIntel
cpu family	: 6
model		: 42
model name	: Intel(R) Core(TM) i7-2637M CPU @ 1.70GHz
stepping	: 7
microcode	: 0x29
cpu MHz		: 2499.929
cache size	: 4096 KB
physical id	: 0
siblings	: 4
core id		: 1
cpu cores	: 2
apicid		: 2
initial apicid	: 2
fpu		: yes
fpu_exception	: yes
cpuid level	: 13
wp		: yes
flags		: fpu vme de pse tsc msr pae mce cx8 apic sep mtrr pge mca cmov pat pse36 clflush dts acpi mmx fxsr sse sse2 ss ht tm pbe syscall nx rdtscp lm constant_tsc arch_perfmon pebs bts nopl xtopology nonstop_tsc aperfmperf eagerfpu pni pclmulqdq dtes64 monitor ds_cpl vmx smx est tm2 ssse3 cx16 xtpr pdcm pcid sse4_1 sse4_2 x2apic popcnt tsc_deadline_timer aes xsave avx lahf_lm epb tpr_shadow vnmi flexpriority ept vpid xsaveopt dtherm ida arat pln pts
bugs		:
bogomips	: 3392.10
clflush size	: 64
cache_alignment	: 64
address sizes	: 36 bits physical, 48 bits virtual
power management:

processor	: 3
vendor_id	: GenuineIntel
cpu family	: 6
model		: 42
model name	: Intel(R) Core(TM) i7-2637M CPU @ 1.70GHz
stepping	: 7
microcode	: 0x29
cpu MHz		: 2499.863
cache size	: 4096 KB
physical id	: 0
siblings	: 4
core id		: 1
cpu cores	: 2
apicid		: 3
initial apicid	: 3
fpu		: yes
fpu_exception	: yes
cpuid level	: 13
wp		: yes
flags		: fpu vme de pse tsc msr pae mce cx8 apic sep mtrr pge mca cmov pat pse36 clflush dts acpi mmx fxsr sse sse2 ss ht tm pbe syscall nx rdtscp lm constant_tsc arch_perfmon pebs bts nopl xtopology nonstop_tsc aperfmperf eagerfpu pni pclmulqdq dtes64 monitor ds_cpl vmx smx est tm2 ssse3 cx16 xtpr pdcm pcid sse4_1 sse4_2 x2apic popcnt tsc_deadline_timer aes xsave avx lahf_lm epb tpr_shadow vnmi flexpriority ept vpid xsaveopt dtherm ida arat pln pts
bugs		:
bogomips	: 3392.10
clflush size	: 64
cache_alignment	: 64
address sizes	: 36 bits physical, 48 bits virtual
power management:



Memory: 4k page, physical 8066112k(120500k free), swap 0k(0k free)

vm_info: OpenJDK 64-Bit Server VM (25.112-b06) for linux-amd64 JRE (1.8.0_112-release-b06), built on Dec  6 2016 12:11:18 by "builder" with gcc 4.8.4

time: Sun Apr 30 08:37:20 2017
elapsed time: 44 seconds (0d 0h 0m 44s)

