#
# There is insufficient memory for the Java Runtime Environment to continue.
# Native memory allocation (mmap) failed to map 143654912 bytes for committing reserved memory.
# Possible reasons:
#   The system is out of physical RAM or swap space
#   In 32 bit mode, the process size limit was hit
# Possible solutions:
#   Reduce memory load on the system
#   Increase physical memory or swap space
#   Check if swap backing store is full
#   Use 64 bit Java on a 64 bit OS
#   Decrease Java heap size (-Xmx/-Xms)
#   Decrease number of Java threads
#   Decrease Java thread stack sizes (-Xss)
#   Set larger code cache with -XX:ReservedCodeCacheSize=
# This output file may be truncated or incomplete.
#
#  Out of Memory Error (os_linux.cpp:2627), pid=4585, tid=0x00007fe60e653700
#
# JRE version: OpenJDK Runtime Environment (8.0_112-b06) (build 1.8.0_112-release-b06)
# Java VM: OpenJDK 64-Bit Server VM (25.112-b06 mixed mode linux-amd64 compressed oops)
# Failed to write core dump. Core dumps have been disabled. To enable core dumping, try "ulimit -c unlimited" before starting Java again
#

---------------  T H R E A D  ---------------

Current thread (0x00007fe628077800):  VMThread [stack: 0x00007fe60e553000,0x00007fe60e654000] [id=4595]

Stack: [0x00007fe60e553000,0x00007fe60e654000],  sp=0x00007fe60e6524c0,  free space=1021k
Native frames: (J=compiled Java code, j=interpreted, Vv=VM code, C=native code)
V  [libjvm.so+0x9e465d]  VMError::report_and_die()+0x15d
V  [libjvm.so+0x4b6ada]  report_vm_out_of_memory(char const*, int, unsigned long, VMErrorType, char const*)+0x8a
V  [libjvm.so+0x84c860]  os::pd_commit_memory(char*, unsigned long, unsigned long, bool)+0xf0
V  [libjvm.so+0x84737f]  os::commit_memory(char*, unsigned long, unsigned long, bool)+0x1f
V  [libjvm.so+0x8bd3db]  PSVirtualSpace::expand_by(unsigned long)+0x5b
V  [libjvm.so+0x8be050]  PSYoungGen::resize_generation(unsigned long, unsigned long)+0xb0
V  [libjvm.so+0x8be36b]  PSYoungGen::resize(unsigned long, unsigned long)+0x1b
V  [libjvm.so+0x8baa5c]  PSScavenge::invoke_no_policy()+0xdac
V  [libjvm.so+0x8bb238]  PSScavenge::invoke()+0x38
V  [libjvm.so+0x86fcf3]  ParallelScavengeHeap::failed_mem_allocate(unsigned long)+0x63
V  [libjvm.so+0x9e6124]  VM_ParallelGCFailedAllocation::doit()+0x84
V  [libjvm.so+0x9ea537]  VM_Operation::evaluate()+0x47
V  [libjvm.so+0x9e8ff8]  VMThread::evaluate_operation(VM_Operation*)+0x2c8
V  [libjvm.so+0x9e9479]  VMThread::loop()+0x219
V  [libjvm.so+0x9e98c2]  VMThread::run()+0x72
V  [libjvm.so+0x849c82]  java_start(Thread*)+0xf2

VM_Operation (0x00007fe60d7eafe0): ParallelGCFailedAllocation, mode: safepoint, requested by thread 0x00007fe62815c000


---------------  P R O C E S S  ---------------

Java Threads: ( => current thread )
  0x00007fe62815c000 JavaThread "pool-1-thread-1" [_thread_blocked, id=4734, stack(0x00007fe60d6ec000,0x00007fe60d7ed000)]
  0x00007fe6280c0800 JavaThread "Service Thread" daemon [_thread_blocked, id=4602, stack(0x00007fe60d9ef000,0x00007fe60daf0000)]
  0x00007fe6280bd800 JavaThread "C1 CompilerThread2" daemon [_thread_blocked, id=4601, stack(0x00007fe60daf0000,0x00007fe60dbf1000)]
  0x00007fe6280bc000 JavaThread "C2 CompilerThread1" daemon [_thread_blocked, id=4600, stack(0x00007fe60dbf1000,0x00007fe60dcf2000)]
  0x00007fe6280b9000 JavaThread "C2 CompilerThread0" daemon [_thread_in_native, id=4599, stack(0x00007fe60dcf2000,0x00007fe60ddf3000)]
  0x00007fe6280b7800 JavaThread "Signal Dispatcher" daemon [_thread_blocked, id=4598, stack(0x00007fe60ddf3000,0x00007fe60def4000)]
  0x00007fe628083800 JavaThread "Finalizer" daemon [_thread_blocked, id=4597, stack(0x00007fe60e351000,0x00007fe60e452000)]
  0x00007fe62807f000 JavaThread "Reference Handler" daemon [_thread_blocked, id=4596, stack(0x00007fe60e452000,0x00007fe60e553000)]
  0x00007fe62800a000 JavaThread "main" [_thread_blocked, id=4589, stack(0x00007fe62fb82000,0x00007fe62fc83000)]

Other Threads:
=>0x00007fe628077800 VMThread [stack: 0x00007fe60e553000,0x00007fe60e654000] [id=4595]
  0x00007fe6280c3000 WatcherThread [stack: 0x00007fe60d8ee000,0x00007fe60d9ef000] [id=4603]

VM state:at safepoint (normal execution)

VM Mutex/Monitor currently owned by a thread:  ([mutex/lock_event])
[0x00007fe6280065b0] Threads_lock - owner thread: 0x00007fe628077800
[0x00007fe628006ab0] Heap_lock - owner thread: 0x00007fe62815c000

Heap:
 PSYoungGen      total 142336K, used 16878K [0x000000076ab00000, 0x0000000774800000, 0x00000007c0000000)
  eden space 125440K, 0% used [0x000000076ab00000,0x000000076ab00000,0x0000000772580000)
  from space 16896K, 99% used [0x0000000772580000,0x00000007735fb820,0x0000000773600000)
  to   space 15360K, 0% used [0x0000000773600000,0x0000000773600000,0x0000000774500000)
 ParOldGen       total 84992K, used 35567K [0x00000006c0000000, 0x00000006c5300000, 0x000000076ab00000)
  object space 84992K, 41% used [0x00000006c0000000,0x00000006c22bbf08,0x00000006c5300000)
 Metaspace       used 6204K, capacity 7152K, committed 7296K, reserved 1056768K
  class space    used 585K, capacity 616K, committed 640K, reserved 1048576K

Card table byte_map: [0x00007fe62c21d000,0x00007fe62ca1e000] byte_map_base: 0x00007fe628c1d000

Marking Bits: (ParMarkBitMap*) 0x00007fe62f05a340
 Begin Bits: [0x00007fe6108a8000, 0x00007fe6148a8000)
 End Bits:   [0x00007fe6148a8000, 0x00007fe6188a8000)

Polling page: 0x00007fe62fcac000

CodeCache: size=245760Kb used=6886Kb max_used=6886Kb free=238873Kb
 bounds [0x00007fe619000000, 0x00007fe6196c0000, 0x00007fe628000000]
 total_blobs=2055 nmethods=1794 adapters=176
 compilation: enabled

Compilation events (10 events):
Event: 27,252 Thread 0x00007fe6280bd800 2407       3       com.android.dx.dex.code.OutputFinisher::addConstants (93 bytes)
Event: 27,253 Thread 0x00007fe6280bd800 nmethod 2407 0x00007fe6196b7250 code [0x00007fe6196b74a0, 0x00007fe6196b8658]
Event: 27,405 Thread 0x00007fe6280bd800 2409       2       com.android.dx.rop.cst.CstLiteral64::hashCode (15 bytes)
Event: 27,405 Thread 0x00007fe6280bd800 nmethod 2409 0x00007fe6196b8cd0 code [0x00007fe6196b8e20, 0x00007fe6196b8f90]
Event: 27,459 Thread 0x00007fe6280bd800 2410 %     3       com.android.dx.dex.code.StdCatchBuilder::hasAnyCatches @ 15 (57 bytes)
Event: 27,462 Thread 0x00007fe6280bd800 nmethod 2410% 0x00007fe6196b9010 code [0x00007fe6196b9220, 0x00007fe6196b9f98]
Event: 27,462 Thread 0x00007fe6280bd800 2411       3       com.android.dx.dex.code.StdCatchBuilder::hasAnyCatches (57 bytes)
Event: 27,465 Thread 0x00007fe6280bd800 nmethod 2411 0x00007fe6196ba510 code [0x00007fe6196ba720, 0x00007fe6196bb438]
Event: 27,636 Thread 0x00007fe6280bd800 2412 %     3       com.android.dx.dex.file.CodeItem::addContents @ 142 (174 bytes)
Event: 27,641 Thread 0x00007fe6280bd800 nmethod 2412% 0x00007fe6196bb990 code [0x00007fe6196bbca0, 0x00007fe6196bd708]

GC Heap History (10 events):
Event: 11,578 GC heap after
Heap after GC invocations=2 (full 0):
 PSYoungGen      total 36864K, used 5091K [0x000000076ab00000, 0x000000076f300000, 0x00000007c0000000)
  eden space 31744K, 0% used [0x000000076ab00000,0x000000076ab00000,0x000000076ca00000)
  from space 5120K, 99% used [0x000000076cf00000,0x000000076d3f8c98,0x000000076d400000)
  to   space 5120K, 0% used [0x000000076ca00000,0x000000076ca00000,0x000000076cf00000)
 ParOldGen       total 84992K, used 5076K [0x00000006c0000000, 0x00000006c5300000, 0x000000076ab00000)
  object space 84992K, 5% used [0x00000006c0000000,0x00000006c04f51e8,0x00000006c5300000)
 Metaspace       used 5642K, capacity 6832K, committed 7040K, reserved 1056768K
  class space    used 561K, capacity 616K, committed 640K, reserved 1048576K
}
Event: 13,400 GC heap before
{Heap before GC invocations=3 (full 0):
 PSYoungGen      total 36864K, used 36835K [0x000000076ab00000, 0x000000076f300000, 0x00000007c0000000)
  eden space 31744K, 100% used [0x000000076ab00000,0x000000076ca00000,0x000000076ca00000)
  from space 5120K, 99% used [0x000000076cf00000,0x000000076d3f8c98,0x000000076d400000)
  to   space 5120K, 0% used [0x000000076ca00000,0x000000076ca00000,0x000000076cf00000)
 ParOldGen       total 84992K, used 5076K [0x00000006c0000000, 0x00000006c5300000, 0x000000076ab00000)
  object space 84992K, 5% used [0x00000006c0000000,0x00000006c04f51e8,0x00000006c5300000)
 Metaspace       used 5731K, capacity 6896K, committed 7040K, reserved 1056768K
  class space    used 561K, capacity 616K, committed 640K, reserved 1048576K
Event: 13,579 GC heap after
Heap after GC invocations=3 (full 0):
 PSYoungGen      total 36864K, used 5116K [0x000000076ab00000, 0x000000076f300000, 0x00000007c0000000)
  eden space 31744K, 0% used [0x000000076ab00000,0x000000076ab00000,0x000000076ca00000)
  from space 5120K, 99% used [0x000000076ca00000,0x000000076ceff1c0,0x000000076cf00000)
  to   space 5120K, 0% used [0x000000076ee00000,0x000000076ee00000,0x000000076f300000)
 ParOldGen       total 84992K, used 8836K [0x00000006c0000000, 0x00000006c5300000, 0x000000076ab00000)
  object space 84992K, 10% used [0x00000006c0000000,0x00000006c08a1030,0x00000006c5300000)
 Metaspace       used 5731K, capacity 6896K, committed 7040K, reserved 1056768K
  class space    used 561K, capacity 616K, committed 640K, reserved 1048576K
}
Event: 14,470 GC heap before
{Heap before GC invocations=4 (full 0):
 PSYoungGen      total 36864K, used 36860K [0x000000076ab00000, 0x000000076f300000, 0x00000007c0000000)
  eden space 31744K, 100% used [0x000000076ab00000,0x000000076ca00000,0x000000076ca00000)
  from space 5120K, 99% used [0x000000076ca00000,0x000000076ceff1c0,0x000000076cf00000)
  to   space 5120K, 0% used [0x000000076ee00000,0x000000076ee00000,0x000000076f300000)
 ParOldGen       total 84992K, used 8836K [0x00000006c0000000, 0x00000006c5300000, 0x000000076ab00000)
  object space 84992K, 10% used [0x00000006c0000000,0x00000006c08a1030,0x00000006c5300000)
 Metaspace       used 5739K, capacity 6896K, committed 7040K, reserved 1056768K
  class space    used 561K, capacity 616K, committed 640K, reserved 1048576K
Event: 14,591 GC heap after
Heap after GC invocations=4 (full 0):
 PSYoungGen      total 68608K, used 5094K [0x000000076ab00000, 0x000000076f300000, 0x00000007c0000000)
  eden space 63488K, 0% used [0x000000076ab00000,0x000000076ab00000,0x000000076e900000)
  from space 5120K, 99% used [0x000000076ee00000,0x000000076f2f98f0,0x000000076f300000)
  to   space 5120K, 0% used [0x000000076e900000,0x000000076e900000,0x000000076ee00000)
 ParOldGen       total 84992K, used 13886K [0x00000006c0000000, 0x00000006c5300000, 0x000000076ab00000)
  object space 84992K, 16% used [0x00000006c0000000,0x00000006c0d8f810,0x00000006c5300000)
 Metaspace       used 5739K, capacity 6896K, committed 7040K, reserved 1056768K
  class space    used 561K, capacity 616K, committed 640K, reserved 1048576K
}
Event: 16,360 GC heap before
{Heap before GC invocations=5 (full 0):
 PSYoungGen      total 68608K, used 68582K [0x000000076ab00000, 0x000000076f300000, 0x00000007c0000000)
  eden space 63488K, 100% used [0x000000076ab00000,0x000000076e900000,0x000000076e900000)
  from space 5120K, 99% used [0x000000076ee00000,0x000000076f2f98f0,0x000000076f300000)
  to   space 5120K, 0% used [0x000000076e900000,0x000000076e900000,0x000000076ee00000)
 ParOldGen       total 84992K, used 13886K [0x00000006c0000000, 0x00000006c5300000, 0x000000076ab00000)
  object space 84992K, 16% used [0x00000006c0000000,0x00000006c0d8f810,0x00000006c5300000)
 Metaspace       used 5774K, capacity 6960K, committed 7040K, reserved 1056768K
  class space    used 561K, capacity 616K, committed 640K, reserved 1048576K
Event: 16,662 GC heap after
Heap after GC invocations=5 (full 0):
 PSYoungGen      total 68608K, used 5091K [0x000000076ab00000, 0x0000000774500000, 0x00000007c0000000)
  eden space 63488K, 0% used [0x000000076ab00000,0x000000076ab00000,0x000000076e900000)
  from space 5120K, 99% used [0x000000076e900000,0x000000076edf8e48,0x000000076ee00000)
  to   space 15360K, 0% used [0x0000000773600000,0x0000000773600000,0x0000000774500000)
 ParOldGen       total 84992K, used 23301K [0x00000006c0000000, 0x00000006c5300000, 0x000000076ab00000)
  object space 84992K, 27% used [0x00000006c0000000,0x00000006c16c1408,0x00000006c5300000)
 Metaspace       used 5774K, capacity 6960K, committed 7040K, reserved 1056768K
  class space    used 561K, capacity 616K, committed 640K, reserved 1048576K
}
Event: 20,067 GC heap before
{Heap before GC invocations=6 (full 0):
 PSYoungGen      total 68608K, used 68579K [0x000000076ab00000, 0x0000000774500000, 0x00000007c0000000)
  eden space 63488K, 100% used [0x000000076ab00000,0x000000076e900000,0x000000076e900000)
  from space 5120K, 99% used [0x000000076e900000,0x000000076edf8e48,0x000000076ee00000)
  to   space 15360K, 0% used [0x0000000773600000,0x0000000773600000,0x0000000774500000)
 ParOldGen       total 84992K, used 23301K [0x00000006c0000000, 0x00000006c5300000, 0x000000076ab00000)
  object space 84992K, 27% used [0x00000006c0000000,0x00000006c16c1408,0x00000006c5300000)
 Metaspace       used 5935K, capacity 7024K, committed 7296K, reserved 1056768K
  class space    used 579K, capacity 616K, committed 640K, reserved 1048576K
Event: 20,335 GC heap after
Heap after GC invocations=6 (full 0):
 PSYoungGen      total 140800K, used 14010K [0x000000076ab00000, 0x0000000774800000, 0x00000007c0000000)
  eden space 125440K, 0% used [0x000000076ab00000,0x000000076ab00000,0x0000000772580000)
  from space 15360K, 91% used [0x0000000773600000,0x00000007743aea88,0x0000000774500000)
  to   space 16896K, 0% used [0x0000000772580000,0x0000000772580000,0x0000000773600000)
 ParOldGen       total 84992K, used 23309K [0x00000006c0000000, 0x00000006c5300000, 0x000000076ab00000)
  object space 84992K, 27% used [0x00000006c0000000,0x00000006c16c3408,0x00000006c5300000)
 Metaspace       used 5935K, capacity 7024K, committed 7296K, reserved 1056768K
  class space    used 579K, capacity 616K, committed 640K, reserved 1048576K
}
Event: 27,877 GC heap before
{Heap before GC invocations=7 (full 0):
 PSYoungGen      total 140800K, used 139450K [0x000000076ab00000, 0x0000000774800000, 0x00000007c0000000)
  eden space 125440K, 100% used [0x000000076ab00000,0x0000000772580000,0x0000000772580000)
  from space 15360K, 91% used [0x0000000773600000,0x00000007743aea88,0x0000000774500000)
  to   space 16896K, 0% used [0x0000000772580000,0x0000000772580000,0x0000000773600000)
 ParOldGen       total 84992K, used 23309K [0x00000006c0000000, 0x00000006c5300000, 0x000000076ab00000)
  object space 84992K, 27% used [0x00000006c0000000,0x00000006c16c3408,0x00000006c5300000)
 Metaspace       used 6204K, capacity 7152K, committed 7296K, reserved 1056768K
  class space    used 585K, capacity 616K, committed 640K, reserved 1048576K

Deoptimization events (10 events):
Event: 19,100 Thread 0x00007fe62815a800 Uncommon trap: reason=unstable_if action=reinterpret pc=0x00007fe61955dd3c method=com.android.dx.ssa.LiteralOpUpgrader$1.visitNonMoveInsn(Lcom/android/dx/ssa/NormalSsaInsn;)V @ 176
Event: 20,874 Thread 0x00007fe628155000 Uncommon trap: reason=unstable_if action=reinterpret pc=0x00007fe61931bd8c method=com.android.dx.dex.code.OutputFinisher.hasLocalInfo(Lcom/android/dx/dex/code/DalvInsn;)Z @ 24
Event: 22,114 Thread 0x00007fe62815c000 Uncommon trap: reason=bimorphic action=maybe_recompile pc=0x00007fe6195f5098 method=com.android.dx.cf.code.BytecodeArray.parseInstruction(ILcom/android/dx/cf/code/BytecodeArray$Visitor;)I @ 971
Event: 22,114 Thread 0x00007fe62815c000 Uncommon trap: reason=bimorphic action=maybe_recompile pc=0x00007fe6195f5098 method=com.android.dx.cf.code.BytecodeArray.parseInstruction(ILcom/android/dx/cf/code/BytecodeArray$Visitor;)I @ 971
Event: 22,115 Thread 0x00007fe62815c000 Uncommon trap: reason=bimorphic action=maybe_recompile pc=0x00007fe6195f5098 method=com.android.dx.cf.code.BytecodeArray.parseInstruction(ILcom/android/dx/cf/code/BytecodeArray$Visitor;)I @ 971
Event: 22,116 Thread 0x00007fe62815c000 Uncommon trap: reason=bimorphic action=maybe_recompile pc=0x00007fe6195f5098 method=com.android.dx.cf.code.BytecodeArray.parseInstruction(ILcom/android/dx/cf/code/BytecodeArray$Visitor;)I @ 971
Event: 26,904 Thread 0x00007fe62815c000 Uncommon trap: reason=class_check action=maybe_recompile pc=0x00007fe6193ec310 method=java.util.Arrays.hashCode([Ljava/lang/Object;)I @ 43
Event: 26,904 Thread 0x00007fe62815c000 Uncommon trap: reason=class_check action=maybe_recompile pc=0x00007fe6193ec310 method=java.util.Arrays.hashCode([Ljava/lang/Object;)I @ 43
Event: 26,905 Thread 0x00007fe62815c000 Uncommon trap: reason=class_check action=maybe_recompile pc=0x00007fe6193ec310 method=java.util.Arrays.hashCode([Ljava/lang/Object;)I @ 43
Event: 26,905 Thread 0x00007fe62815c000 Uncommon trap: reason=class_check action=maybe_recompile pc=0x00007fe6193ec310 method=java.util.Arrays.hashCode([Ljava/lang/Object;)I @ 43

Internal exceptions (6 events):
Event: 0,359 Thread 0x00007fe62800a000 Exception <a 'java/lang/NoSuchMethodError': Method sun.misc.Unsafe.defineClass(Ljava/lang/String;[BII)Ljava/lang/Class; name or signature does not match> (0x000000076ab07c78) thrown at [/ssd/Android/AOSP-openjdk/external/jetbrains/jdk/hotspot/src/share/vm
Event: 0,359 Thread 0x00007fe62800a000 Exception <a 'java/lang/NoSuchMethodError': Method sun.misc.Unsafe.prefetchRead(Ljava/lang/Object;J)V name or signature does not match> (0x000000076ab07f60) thrown at [/ssd/Android/AOSP-openjdk/external/jetbrains/jdk/hotspot/src/share/vm/prims/jni.cpp, li
Event: 10,339 Thread 0x00007fe62815a800 Implicit null exception at 0x00007fe6192acf16 to 0x00007fe6192afed9
Event: 16,675 Thread 0x00007fe62800a000 Exception <a 'java/lang/ArrayIndexOutOfBoundsException': 18> (0x000000076abfe648) thrown at [/ssd/Android/AOSP-openjdk/external/jetbrains/jdk/hotspot/src/share/vm/interpreter/interpreterRuntime.cpp, line 366]
Event: 16,676 Thread 0x00007fe62800a000 Exception <a 'java/lang/ArrayIndexOutOfBoundsException': 145> (0x000000076ac001c8) thrown at [/ssd/Android/AOSP-openjdk/external/jetbrains/jdk/hotspot/src/share/vm/interpreter/interpreterRuntime.cpp, line 366]
Event: 16,683 Thread 0x00007fe62800a000 Exception <a 'java/lang/ArrayIndexOutOfBoundsException': 40> (0x000000076ac014b0) thrown at [/ssd/Android/AOSP-openjdk/external/jetbrains/jdk/hotspot/src/share/vm/interpreter/interpreterRuntime.cpp, line 366]

Events (10 events):
Event: 27,176 loading class com/android/dx/dex/file/CatchStructs done
Event: 27,225 Thread 0x00007fe62815c000 DEOPT PACKING pc=0x00007fe6195ee5ea sp=0x00007fe60d7eb490
Event: 27,225 Thread 0x00007fe62815c000 DEOPT UNPACKING pc=0x00007fe619047373 sp=0x00007fe60d7eb1e0 mode 0
Event: 27,234 Thread 0x00007fe62815c000 DEOPT PACKING pc=0x00007fe6196af416 sp=0x00007fe60d7eb470
Event: 27,234 Thread 0x00007fe62815c000 DEOPT UNPACKING pc=0x00007fe619047373 sp=0x00007fe60d7eb220 mode 0
Event: 27,253 Thread 0x00007fe62815c000 DEOPT PACKING pc=0x00007fe6196ac868 sp=0x00007fe60d7eb390
Event: 27,253 Thread 0x00007fe62815c000 DEOPT UNPACKING pc=0x00007fe619047373 sp=0x00007fe60d7eb158 mode 0
Event: 27,465 Thread 0x00007fe62815c000 DEOPT PACKING pc=0x00007fe6196afe54 sp=0x00007fe60d7eb4a0
Event: 27,465 Thread 0x00007fe62815c000 DEOPT UNPACKING pc=0x00007fe619047373 sp=0x00007fe60d7eb210 mode 0
Event: 27,877 Executing VM operation: ParallelGCFailedAllocation


Dynamic libraries:
00400000-00401000 r-xp 00000000 08:05 6555736                            /home/rene/android-studio/jre/bin/java
00600000-00601000 r--p 00000000 08:05 6555736                            /home/rene/android-studio/jre/bin/java
00601000-00602000 rw-p 00001000 08:05 6555736                            /home/rene/android-studio/jre/bin/java
00fba000-00fdb000 rw-p 00000000 00:00 0                                  [heap]
6c0000000-6c5300000 rw-p 00000000 00:00 0 
6c5300000-76ab00000 ---p 00000000 00:00 0 
76ab00000-774800000 rw-p 00000000 00:00 0 
77d100000-7c0000000 ---p 00000000 00:00 0 
7c0000000-7c00a0000 rw-p 00000000 00:00 0 
7c00a0000-800000000 ---p 00000000 00:00 0 
7fe5c0000000-7fe5c0033000 rw-p 00000000 00:00 0 
7fe5c0033000-7fe5c4000000 ---p 00000000 00:00 0 
7fe5c8000000-7fe5c8021000 rw-p 00000000 00:00 0 
7fe5c8021000-7fe5cc000000 ---p 00000000 00:00 0 
7fe5cc000000-7fe5cc021000 rw-p 00000000 00:00 0 
7fe5cc021000-7fe5d0000000 ---p 00000000 00:00 0 
7fe5d0000000-7fe5d0056000 rw-p 00000000 00:00 0 
7fe5d0056000-7fe5d4000000 ---p 00000000 00:00 0 
7fe5d4000000-7fe5d4021000 rw-p 00000000 00:00 0 
7fe5d4021000-7fe5d8000000 ---p 00000000 00:00 0 
7fe5d8000000-7fe5d8021000 rw-p 00000000 00:00 0 
7fe5d8021000-7fe5dc000000 ---p 00000000 00:00 0 
7fe5dc000000-7fe5dc021000 rw-p 00000000 00:00 0 
7fe5dc021000-7fe5e0000000 ---p 00000000 00:00 0 
7fe5e0000000-7fe5e0b5b000 rw-p 00000000 00:00 0 
7fe5e0b5b000-7fe5e4000000 ---p 00000000 00:00 0 
7fe5e4000000-7fe5e498e000 rw-p 00000000 00:00 0 
7fe5e498e000-7fe5e8000000 ---p 00000000 00:00 0 
7fe5e8000000-7fe5e8021000 rw-p 00000000 00:00 0 
7fe5e8021000-7fe5ec000000 ---p 00000000 00:00 0 
7fe5ec000000-7fe5ecd87000 rw-p 00000000 00:00 0 
7fe5ecd87000-7fe5f0000000 ---p 00000000 00:00 0 
7fe5f0000000-7fe5f0021000 rw-p 00000000 00:00 0 
7fe5f0021000-7fe5f4000000 ---p 00000000 00:00 0 
7fe5f4000000-7fe5f4021000 rw-p 00000000 00:00 0 
7fe5f4021000-7fe5f8000000 ---p 00000000 00:00 0 
7fe5f8000000-7fe5f8021000 rw-p 00000000 00:00 0 
7fe5f8021000-7fe5fc000000 ---p 00000000 00:00 0 
7fe5fc000000-7fe5fc286000 rw-p 00000000 00:00 0 
7fe5fc286000-7fe600000000 ---p 00000000 00:00 0 
7fe600000000-7fe600021000 rw-p 00000000 00:00 0 
7fe600021000-7fe604000000 ---p 00000000 00:00 0 
7fe604000000-7fe604021000 rw-p 00000000 00:00 0 
7fe604021000-7fe608000000 ---p 00000000 00:00 0 
7fe608000000-7fe608021000 rw-p 00000000 00:00 0 
7fe608021000-7fe60c000000 ---p 00000000 00:00 0 
7fe60d3e9000-7fe60d3ec000 ---p 00000000 00:00 0 
7fe60d3ec000-7fe60d4ea000 rw-p 00000000 00:00 0 
7fe60d4ea000-7fe60d4ed000 ---p 00000000 00:00 0 
7fe60d4ed000-7fe60d5eb000 rw-p 00000000 00:00 0 
7fe60d5eb000-7fe60d5ee000 ---p 00000000 00:00 0 
7fe60d5ee000-7fe60d6ec000 rw-p 00000000 00:00 0 
7fe60d6ec000-7fe60d6ef000 ---p 00000000 00:00 0 
7fe60d6ef000-7fe60d7ed000 rw-p 00000000 00:00 0 
7fe60d7ed000-7fe60d7f0000 ---p 00000000 00:00 0 
7fe60d7f0000-7fe60d8ee000 rw-p 00000000 00:00 0 
7fe60d8ee000-7fe60d8ef000 ---p 00000000 00:00 0 
7fe60d8ef000-7fe60d9ef000 rw-p 00000000 00:00 0 
7fe60d9ef000-7fe60d9f2000 ---p 00000000 00:00 0 
7fe60d9f2000-7fe60daf0000 rw-p 00000000 00:00 0 
7fe60daf0000-7fe60daf3000 ---p 00000000 00:00 0 
7fe60daf3000-7fe60dbf1000 rw-p 00000000 00:00 0 
7fe60dbf1000-7fe60dbf4000 ---p 00000000 00:00 0 
7fe60dbf4000-7fe60dcf2000 rw-p 00000000 00:00 0 
7fe60dcf2000-7fe60dcf5000 ---p 00000000 00:00 0 
7fe60dcf5000-7fe60ddf3000 rw-p 00000000 00:00 0 
7fe60ddf3000-7fe60ddf6000 ---p 00000000 00:00 0 
7fe60ddf6000-7fe60def4000 rw-p 00000000 00:00 0 
7fe60def4000-7fe60e351000 r--p 00000000 08:05 15471193                   /usr/lib/locale/locale-archive
7fe60e351000-7fe60e354000 ---p 00000000 00:00 0 
7fe60e354000-7fe60e452000 rw-p 00000000 00:00 0 
7fe60e452000-7fe60e455000 ---p 00000000 00:00 0 
7fe60e455000-7fe60e553000 rw-p 00000000 00:00 0 
7fe60e553000-7fe60e554000 ---p 00000000 00:00 0 
7fe60e554000-7fe60f608000 rw-p 00000000 00:00 0 
7fe60f608000-7fe60f7d7000 r--s 03c1b000 08:05 6692526                    /home/rene/android-studio/jre/jre/lib/rt.jar
7fe60f7d7000-7fe60ff28000 rw-p 00000000 00:00 0 
7fe60ff28000-7fe6100a8000 ---p 00000000 00:00 0 
7fe6100a8000-7fe6188a8000 rw-p 00000000 00:00 0 
7fe6188a8000-7fe6188a9000 ---p 00000000 00:00 0 
7fe6188a9000-7fe6189a9000 rw-p 00000000 00:00 0 
7fe6189a9000-7fe6189aa000 ---p 00000000 00:00 0 
7fe6189aa000-7fe618ad4000 rw-p 00000000 00:00 0 
7fe618ad4000-7fe619000000 ---p 00000000 00:00 0 
7fe619000000-7fe6196c0000 rwxp 00000000 00:00 0 
7fe6196c0000-7fe628000000 ---p 00000000 00:00 0 
7fe628000000-7fe628386000 rw-p 00000000 00:00 0 
7fe628386000-7fe62c000000 ---p 00000000 00:00 0 
7fe62c01b000-7fe62c01c000 ---p 00000000 00:00 0 
7fe62c01c000-7fe62c11c000 rw-p 00000000 00:00 0 
7fe62c11c000-7fe62c11d000 ---p 00000000 00:00 0 
7fe62c11d000-7fe62c247000 rw-p 00000000 00:00 0 
7fe62c247000-7fe62c772000 ---p 00000000 00:00 0 
7fe62c772000-7fe62c7c1000 rw-p 00000000 00:00 0 
7fe62c7c1000-7fe62ca1d000 ---p 00000000 00:00 0 
7fe62ca1d000-7fe62ca39000 rw-p 00000000 00:00 0 
7fe62ca39000-7fe62cdde000 ---p 00000000 00:00 0 
7fe62cdde000-7fe62cdf8000 r-xp 00000000 08:05 7079663                    /home/rene/android-studio/jre/jre/lib/amd64/libzip.so
7fe62cdf8000-7fe62cff8000 ---p 0001a000 08:05 7079663                    /home/rene/android-studio/jre/jre/lib/amd64/libzip.so
7fe62cff8000-7fe62cff9000 r--p 0001a000 08:05 7079663                    /home/rene/android-studio/jre/jre/lib/amd64/libzip.so
7fe62cff9000-7fe62cffa000 rw-p 0001b000 08:05 7079663                    /home/rene/android-studio/jre/jre/lib/amd64/libzip.so
7fe62cffa000-7fe62d005000 r-xp 00000000 08:05 2890905                    /lib/x86_64-linux-gnu/libnss_files-2.23.so
7fe62d005000-7fe62d204000 ---p 0000b000 08:05 2890905                    /lib/x86_64-linux-gnu/libnss_files-2.23.so
7fe62d204000-7fe62d205000 r--p 0000a000 08:05 2890905                    /lib/x86_64-linux-gnu/libnss_files-2.23.so
7fe62d205000-7fe62d206000 rw-p 0000b000 08:05 2890905                    /lib/x86_64-linux-gnu/libnss_files-2.23.so
7fe62d206000-7fe62d20c000 rw-p 00000000 00:00 0 
7fe62d20c000-7fe62d217000 r-xp 00000000 08:05 2890898                    /lib/x86_64-linux-gnu/libnss_nis-2.23.so
7fe62d217000-7fe62d416000 ---p 0000b000 08:05 2890898                    /lib/x86_64-linux-gnu/libnss_nis-2.23.so
7fe62d416000-7fe62d417000 r--p 0000a000 08:05 2890898                    /lib/x86_64-linux-gnu/libnss_nis-2.23.so
7fe62d417000-7fe62d418000 rw-p 0000b000 08:05 2890898                    /lib/x86_64-linux-gnu/libnss_nis-2.23.so
7fe62d418000-7fe62d42e000 r-xp 00000000 08:05 2890900                    /lib/x86_64-linux-gnu/libnsl-2.23.so
7fe62d42e000-7fe62d62d000 ---p 00016000 08:05 2890900                    /lib/x86_64-linux-gnu/libnsl-2.23.so
7fe62d62d000-7fe62d62e000 r--p 00015000 08:05 2890900                    /lib/x86_64-linux-gnu/libnsl-2.23.so
7fe62d62e000-7fe62d62f000 rw-p 00016000 08:05 2890900                    /lib/x86_64-linux-gnu/libnsl-2.23.so
7fe62d62f000-7fe62d631000 rw-p 00000000 00:00 0 
7fe62d631000-7fe62d639000 r-xp 00000000 08:05 2890907                    /lib/x86_64-linux-gnu/libnss_compat-2.23.so
7fe62d639000-7fe62d838000 ---p 00008000 08:05 2890907                    /lib/x86_64-linux-gnu/libnss_compat-2.23.so
7fe62d838000-7fe62d839000 r--p 00007000 08:05 2890907                    /lib/x86_64-linux-gnu/libnss_compat-2.23.so
7fe62d839000-7fe62d83a000 rw-p 00008000 08:05 2890907                    /lib/x86_64-linux-gnu/libnss_compat-2.23.so
7fe62d83a000-7fe62d867000 r-xp 00000000 08:05 7079673                    /home/rene/android-studio/jre/jre/lib/amd64/libjava.so
7fe62d867000-7fe62da66000 ---p 0002d000 08:05 7079673                    /home/rene/android-studio/jre/jre/lib/amd64/libjava.so
7fe62da66000-7fe62da67000 r--p 0002c000 08:05 7079673                    /home/rene/android-studio/jre/jre/lib/amd64/libjava.so
7fe62da67000-7fe62da69000 rw-p 0002d000 08:05 7079673                    /home/rene/android-studio/jre/jre/lib/amd64/libjava.so
7fe62da69000-7fe62da79000 r-xp 00000000 08:05 7079689                    /home/rene/android-studio/jre/jre/lib/amd64/libverify.so
7fe62da79000-7fe62dc78000 ---p 00010000 08:05 7079689                    /home/rene/android-studio/jre/jre/lib/amd64/libverify.so
7fe62dc78000-7fe62dc7a000 r--p 0000f000 08:05 7079689                    /home/rene/android-studio/jre/jre/lib/amd64/libverify.so
7fe62dc7a000-7fe62dc7b000 rw-p 00011000 08:05 7079689                    /home/rene/android-studio/jre/jre/lib/amd64/libverify.so
7fe62dc7b000-7fe62dc82000 r-xp 00000000 08:05 2890908                    /lib/x86_64-linux-gnu/librt-2.23.so
7fe62dc82000-7fe62de81000 ---p 00007000 08:05 2890908                    /lib/x86_64-linux-gnu/librt-2.23.so
7fe62de81000-7fe62de82000 r--p 00006000 08:05 2890908                    /lib/x86_64-linux-gnu/librt-2.23.so
7fe62de82000-7fe62de83000 rw-p 00007000 08:05 2890908                    /lib/x86_64-linux-gnu/librt-2.23.so
7fe62de83000-7fe62df8b000 r-xp 00000000 08:05 2890899                    /lib/x86_64-linux-gnu/libm-2.23.so
7fe62df8b000-7fe62e18a000 ---p 00108000 08:05 2890899                    /lib/x86_64-linux-gnu/libm-2.23.so
7fe62e18a000-7fe62e18b000 r--p 00107000 08:05 2890899                    /lib/x86_64-linux-gnu/libm-2.23.so
7fe62e18b000-7fe62e18c000 rw-p 00108000 08:05 2890899                    /lib/x86_64-linux-gnu/libm-2.23.so
7fe62e18c000-7fe62ed7d000 r-xp 00000000 08:05 7210098                    /home/rene/android-studio/jre/jre/lib/amd64/server/libjvm.so
7fe62ed7d000-7fe62ef7d000 ---p 00bf1000 08:05 7210098                    /home/rene/android-studio/jre/jre/lib/amd64/server/libjvm.so
7fe62ef7d000-7fe62f01c000 r--p 00bf1000 08:05 7210098                    /home/rene/android-studio/jre/jre/lib/amd64/server/libjvm.so
7fe62f01c000-7fe62f045000 rw-p 00c90000 08:05 7210098                    /home/rene/android-studio/jre/jre/lib/amd64/server/libjvm.so
7fe62f045000-7fe62f089000 rw-p 00000000 00:00 0 
7fe62f089000-7fe62f0a1000 r-xp 00000000 08:05 2890912                    /lib/x86_64-linux-gnu/libpthread-2.23.so
7fe62f0a1000-7fe62f2a0000 ---p 00018000 08:05 2890912                    /lib/x86_64-linux-gnu/libpthread-2.23.so
7fe62f2a0000-7fe62f2a1000 r--p 00017000 08:05 2890912                    /lib/x86_64-linux-gnu/libpthread-2.23.so
7fe62f2a1000-7fe62f2a2000 rw-p 00018000 08:05 2890912                    /lib/x86_64-linux-gnu/libpthread-2.23.so
7fe62f2a2000-7fe62f2a6000 rw-p 00000000 00:00 0 
7fe62f2a6000-7fe62f2a9000 r-xp 00000000 08:05 2890897                    /lib/x86_64-linux-gnu/libdl-2.23.so
7fe62f2a9000-7fe62f4a8000 ---p 00003000 08:05 2890897                    /lib/x86_64-linux-gnu/libdl-2.23.so
7fe62f4a8000-7fe62f4a9000 r--p 00002000 08:05 2890897                    /lib/x86_64-linux-gnu/libdl-2.23.so
7fe62f4a9000-7fe62f4aa000 rw-p 00003000 08:05 2890897                    /lib/x86_64-linux-gnu/libdl-2.23.so
7fe62f4aa000-7fe62f669000 r-xp 00000000 08:05 2890901                    /lib/x86_64-linux-gnu/libc-2.23.so
7fe62f669000-7fe62f869000 ---p 001bf000 08:05 2890901                    /lib/x86_64-linux-gnu/libc-2.23.so
7fe62f869000-7fe62f86d000 r--p 001bf000 08:05 2890901                    /lib/x86_64-linux-gnu/libc-2.23.so
7fe62f86d000-7fe62f86f000 rw-p 001c3000 08:05 2890901                    /lib/x86_64-linux-gnu/libc-2.23.so
7fe62f86f000-7fe62f873000 rw-p 00000000 00:00 0 
7fe62f873000-7fe62f889000 r-xp 00000000 08:05 6555712                    /home/rene/android-studio/jre/lib/amd64/jli/libjli.so
7fe62f889000-7fe62fa88000 ---p 00016000 08:05 6555712                    /home/rene/android-studio/jre/lib/amd64/jli/libjli.so
7fe62fa88000-7fe62fa89000 r--p 00015000 08:05 6555712                    /home/rene/android-studio/jre/lib/amd64/jli/libjli.so
7fe62fa89000-7fe62fa8a000 rw-p 00016000 08:05 6555712                    /home/rene/android-studio/jre/lib/amd64/jli/libjli.so
7fe62fa8a000-7fe62fab0000 r-xp 00000000 08:05 2890902                    /lib/x86_64-linux-gnu/ld-2.23.so
7fe62fabc000-7fe62fb82000 rw-p 00000000 00:00 0 
7fe62fb82000-7fe62fb85000 ---p 00000000 00:00 0 
7fe62fb85000-7fe62fc87000 rw-p 00000000 00:00 0 
7fe62fc95000-7fe62fca3000 r--s 000e0000 08:05 4063234                    /home/rene/Android/Sdk/build-tools/25.0.2/lib/dx.jar
7fe62fca3000-7fe62fcab000 rw-s 00000000 08:05 3676073                    /tmp/hsperfdata_rene/4585
7fe62fcab000-7fe62fcac000 rw-p 00000000 00:00 0 
7fe62fcac000-7fe62fcad000 ---p 00000000 00:00 0 
7fe62fcad000-7fe62fcaf000 rw-p 00000000 00:00 0 
7fe62fcaf000-7fe62fcb0000 r--p 00025000 08:05 2890902                    /lib/x86_64-linux-gnu/ld-2.23.so
7fe62fcb0000-7fe62fcb1000 rw-p 00026000 08:05 2890902                    /lib/x86_64-linux-gnu/ld-2.23.so
7fe62fcb1000-7fe62fcb2000 rw-p 00000000 00:00 0 
7ffc2a139000-7ffc2a15a000 rw-p 00000000 00:00 0                          [stack]
7ffc2a168000-7ffc2a16a000 r--p 00000000 00:00 0                          [vvar]
7ffc2a16a000-7ffc2a16c000 r-xp 00000000 00:00 0                          [vdso]
ffffffffff600000-ffffffffff601000 r-xp 00000000 00:00 0                  [vsyscall]

VM Arguments:
jvm_args: -Djava.awt.headless=true -Xmx4g -Dfile.encoding=UTF-8 -Duser.country=US -Duser.language=en -Duser.variant 
java_command: com.android.dx.command.Main --dex --force-jumbo --num-threads=4 --multi-dex --output /home/rene/Dokumente/Projects/MyArrowClient/app/build/intermediates/transforms/dex/dev/debug/folders/1000/10/classes_97eb308ff92761c2a9443b09ffa12108bf217eab /home/rene/.android/build-cache/2e09133eb9532067ad9712c78a02385ba7cfedb0/output/jars/classes.jar
java_class_path (initial): /home/rene/Android/Sdk/build-tools/25.0.2/lib/dx.jar
Launcher Type: SUN_STANDARD

Environment Variables:
PATH=/home/rene/bin:/home/rene/.local/bin:/usr/local/sbin:/usr/local/bin:/usr/sbin:/usr/bin:/sbin:/bin:/usr/games:/usr/local/games
USERNAME=rene
LD_LIBRARY_PATH=/home/rene/android-studio/bin:
SHELL=/bin/bash
DISPLAY=:0

Signal Handlers:
SIGSEGV: [libjvm.so+0x9e5150], sa_mask[0]=11111111011111111101111111111110, sa_flags=SA_RESTART|SA_SIGINFO
SIGBUS: [libjvm.so+0x9e5150], sa_mask[0]=11111111011111111101111111111110, sa_flags=SA_RESTART|SA_SIGINFO
SIGFPE: [libjvm.so+0x848450], sa_mask[0]=11111111011111111101111111111110, sa_flags=SA_RESTART|SA_SIGINFO
SIGPIPE: [libjvm.so+0x848450], sa_mask[0]=11111111011111111101111111111110, sa_flags=SA_RESTART|SA_SIGINFO
SIGXFSZ: [libjvm.so+0x848450], sa_mask[0]=11111111011111111101111111111110, sa_flags=SA_RESTART|SA_SIGINFO
SIGILL: [libjvm.so+0x848450], sa_mask[0]=11111111011111111101111111111110, sa_flags=SA_RESTART|SA_SIGINFO
SIGUSR1: SIG_DFL, sa_mask[0]=00000000000000000000000000000000, sa_flags=none
SIGUSR2: [libjvm.so+0x848320], sa_mask[0]=00100000000000000000000000000000, sa_flags=SA_RESTART|SA_SIGINFO
SIGHUP: [libjvm.so+0x848510], sa_mask[0]=11111111011111111101111111111110, sa_flags=SA_RESTART|SA_SIGINFO
SIGINT: [libjvm.so+0x848510], sa_mask[0]=11111111011111111101111111111110, sa_flags=SA_RESTART|SA_SIGINFO
SIGTERM: [libjvm.so+0x848510], sa_mask[0]=11111111011111111101111111111110, sa_flags=SA_RESTART|SA_SIGINFO
SIGQUIT: [libjvm.so+0x848510], sa_mask[0]=11111111011111111101111111111110, sa_flags=SA_RESTART|SA_SIGINFO


---------------  S Y S T E M  ---------------

OS:DISTRIB_ID=LinuxMint
DISTRIB_RELEASE=18.1
DISTRIB_CODENAME=serena
DISTRIB_DESCRIPTION="Linux Mint 18.1 Serena"

uname:Linux 4.4.0-72-generic #93-Ubuntu SMP Fri Mar 31 14:07:41 UTC 2017 x86_64
libc:glibc 2.23 NPTL 2.23 
rlimit: STACK 8192k, CORE 0k, NPROC 31341, NOFILE 65536, AS infinity
load average:14,50 6,54 3,60

/proc/meminfo:
MemTotal:        8066112 kB
MemFree:          143288 kB
MemAvailable:      75292 kB
Buffers:            3908 kB
Cached:          1141812 kB
SwapCached:            0 kB
Active:          6745560 kB
Inactive:         956300 kB
Active(anon):    6714300 kB
Inactive(anon):   926756 kB
Active(file):      31260 kB
Inactive(file):    29544 kB
Unevictable:          16 kB
Mlocked:              16 kB
SwapTotal:             0 kB
SwapFree:              0 kB
Dirty:              2456 kB
Writeback:             0 kB
AnonPages:       6556540 kB
Mapped:           403892 kB
Shmem:           1084628 kB
Slab:             106584 kB
SReclaimable:      72080 kB
SUnreclaim:        34504 kB
KernelStack:       11920 kB
PageTables:        40568 kB
NFS_Unstable:          0 kB
Bounce:                0 kB
WritebackTmp:          0 kB
CommitLimit:     4033056 kB
Committed_AS:   11220820 kB
VmallocTotal:   34359738367 kB
VmallocUsed:           0 kB
VmallocChunk:          0 kB
HardwareCorrupted:     0 kB
AnonHugePages:   3723264 kB
CmaTotal:              0 kB
CmaFree:               0 kB
HugePages_Total:       0
HugePages_Free:        0
HugePages_Rsvd:        0
HugePages_Surp:        0
Hugepagesize:       2048 kB
DirectMap4k:       96896 kB
DirectMap2M:     8183808 kB


CPU:total 4 (2 cores per cpu, 2 threads per core) family 6 model 42 stepping 7, cmov, cx8, fxsr, mmx, sse, sse2, sse3, ssse3, sse4.1, sse4.2, popcnt, avx, aes, clmul, ht, tsc, tscinvbit

/proc/cpuinfo:
processor	: 0
vendor_id	: GenuineIntel
cpu family	: 6
model		: 42
model name	: Intel(R) Core(TM) i7-2637M CPU @ 1.70GHz
stepping	: 7
microcode	: 0x29
cpu MHz		: 1345.921
cache size	: 4096 KB
physical id	: 0
siblings	: 4
core id		: 0
cpu cores	: 2
apicid		: 0
initial apicid	: 0
fpu		: yes
fpu_exception	: yes
cpuid level	: 13
wp		: yes
flags		: fpu vme de pse tsc msr pae mce cx8 apic sep mtrr pge mca cmov pat pse36 clflush dts acpi mmx fxsr sse sse2 ss ht tm pbe syscall nx rdtscp lm constant_tsc arch_perfmon pebs bts nopl xtopology nonstop_tsc aperfmperf eagerfpu pni pclmulqdq dtes64 monitor ds_cpl vmx smx est tm2 ssse3 cx16 xtpr pdcm pcid sse4_1 sse4_2 x2apic popcnt tsc_deadline_timer aes xsave avx lahf_lm epb tpr_shadow vnmi flexpriority ept vpid xsaveopt dtherm ida arat pln pts
bugs		:
bogomips	: 3392.09
clflush size	: 64
cache_alignment	: 64
address sizes	: 36 bits physical, 48 bits virtual
power management:

processor	: 1
vendor_id	: GenuineIntel
cpu family	: 6
model		: 42
model name	: Intel(R) Core(TM) i7-2637M CPU @ 1.70GHz
stepping	: 7
microcode	: 0x29
cpu MHz		: 1435.105
cache size	: 4096 KB
physical id	: 0
siblings	: 4
core id		: 0
cpu cores	: 2
apicid		: 1
initial apicid	: 1
fpu		: yes
fpu_exception	: yes
cpuid level	: 13
wp		: yes
flags		: fpu vme de pse tsc msr pae mce cx8 apic sep mtrr pge mca cmov pat pse36 clflush dts acpi mmx fxsr sse sse2 ss ht tm pbe syscall nx rdtscp lm constant_tsc arch_perfmon pebs bts nopl xtopology nonstop_tsc aperfmperf eagerfpu pni pclmulqdq dtes64 monitor ds_cpl vmx smx est tm2 ssse3 cx16 xtpr pdcm pcid sse4_1 sse4_2 x2apic popcnt tsc_deadline_timer aes xsave avx lahf_lm epb tpr_shadow vnmi flexpriority ept vpid xsaveopt dtherm ida arat pln pts
bugs		:
bogomips	: 3392.09
clflush size	: 64
cache_alignment	: 64
address sizes	: 36 bits physical, 48 bits virtual
power management:

processor	: 2
vendor_id	: GenuineIntel
cpu family	: 6
model		: 42
model name	: Intel(R) Core(TM) i7-2637M CPU @ 1.70GHz
stepping	: 7
microcode	: 0x29
cpu MHz		: 1435.503
cache size	: 4096 KB
physical id	: 0
siblings	: 4
core id		: 1
cpu cores	: 2
apicid		: 2
initial apicid	: 2
fpu		: yes
fpu_exception	: yes
cpuid level	: 13
wp		: yes
flags		: fpu vme de pse tsc msr pae mce cx8 apic sep mtrr pge mca cmov pat pse36 clflush dts acpi mmx fxsr sse sse2 ss ht tm pbe syscall nx rdtscp lm constant_tsc arch_perfmon pebs bts nopl xtopology nonstop_tsc aperfmperf eagerfpu pni pclmulqdq dtes64 monitor ds_cpl vmx smx est tm2 ssse3 cx16 xtpr pdcm pcid sse4_1 sse4_2 x2apic popcnt tsc_deadline_timer aes xsave avx lahf_lm epb tpr_shadow vnmi flexpriority ept vpid xsaveopt dtherm ida arat pln pts
bugs		:
bogomips	: 3392.09
clflush size	: 64
cache_alignment	: 64
address sizes	: 36 bits physical, 48 bits virtual
power management:

processor	: 3
vendor_id	: GenuineIntel
cpu family	: 6
model		: 42
model name	: Intel(R) Core(TM) i7-2637M CPU @ 1.70GHz
stepping	: 7
microcode	: 0x29
cpu MHz		: 1435.105
cache size	: 4096 KB
physical id	: 0
siblings	: 4
core id		: 1
cpu cores	: 2
apicid		: 3
initial apicid	: 3
fpu		: yes
fpu_exception	: yes
cpuid level	: 13
wp		: yes
flags		: fpu vme de pse tsc msr pae mce cx8 apic sep mtrr pge mca cmov pat pse36 clflush dts acpi mmx fxsr sse sse2 ss ht tm pbe syscall nx rdtscp lm constant_tsc arch_perfmon pebs bts nopl xtopology nonstop_tsc aperfmperf eagerfpu pni pclmulqdq dtes64 monitor ds_cpl vmx smx est tm2 ssse3 cx16 xtpr pdcm pcid sse4_1 sse4_2 x2apic popcnt tsc_deadline_timer aes xsave avx lahf_lm epb tpr_shadow vnmi flexpriority ept vpid xsaveopt dtherm ida arat pln pts
bugs		:
bogomips	: 3392.09
clflush size	: 64
cache_alignment	: 64
address sizes	: 36 bits physical, 48 bits virtual
power management:



Memory: 4k page, physical 8066112k(143436k free), swap 0k(0k free)

vm_info: OpenJDK 64-Bit Server VM (25.112-b06) for linux-amd64 JRE (1.8.0_112-release-b06), built on Dec  6 2016 12:11:18 by "builder" with gcc 4.8.4

time: Mon Apr 17 11:18:29 2017
elapsed time: 28 seconds (0d 0h 0m 28s)

